This is pdfTeX, Version 3.14159265-2.6-1.40.17 (TeX Live 2016) (preloaded format=pdflatex 2016.5.22)  14 APR 2017 21:28
entering extended mode
 restricted \write18 enabled.
 %&-line parsing enabled.
**PhD_02_Abstract.tex
(./PhD_02_Abstract.tex
LaTeX2e <2016/03/31>
Babel <3.9r> and hyphenation patterns for 83 language(s) loaded.

! LaTeX Error: Environment abstract undefined.

See the LaTeX manual or LaTeX Companion for explanation.
Type  H <return>  for immediate help.
 ...                                              
                                                  
l.1 \begin{abstract}
                    
Your command was ignored.
Type  I <command> <return>  to replace it with another command,
or  <return>  to continue without it.


! LaTeX Error: Missing \begin{document}.

See the LaTeX manual or LaTeX Companion for explanation.
Type  H <return>  for immediate help.
 ...                                              
                                                  
l.4 \begin{center}
                  {\textbf{NOVEL APPROACHES TO SAMPLE SIZE ESTIMATION FOR CO...

You're in trouble here.  Try typing  <return>  to proceed.
If that doesn't work, type  X <return>  to quit.


Overfull \hbox (20.0pt too wide) in paragraph at lines 4--4
[] 
 []


Overfull \hbox (40.48589pt too wide) in paragraph at lines 4--4
 \OT1/cmr/bx/n/10 NOVEL 
 []


Overfull \hbox (20.38878pt too wide) in paragraph at lines 4--4
 \OT1/cmr/bx/n/10 AP- 
 []


Overfull \hbox (64.11076pt too wide) in paragraph at lines 4--4
 \OT1/cmr/bx/n/10 PROACHES 
 []


Overfull \hbox (16.6388pt too wide) in paragraph at lines 4--4
 \OT1/cmr/bx/n/10 TO 
 []


Overfull \hbox (29.83318pt too wide) in paragraph at lines 4--4
 \OT1/cmr/bx/n/10 SAM- 
 []


Overfull \hbox (22.3332pt too wide) in paragraph at lines 4--4
 \OT1/cmr/bx/n/10 PLE 
 []


Overfull \hbox (25.33319pt too wide) in paragraph at lines 4--4
 \OT1/cmr/bx/n/10 SIZE 
 []


Overfull \hbox (17.77768pt too wide) in paragraph at lines 4--4
 \OT1/cmr/bx/n/10 ES- 
 []


Overfull \hbox (16.19435pt too wide) in paragraph at lines 4--4
 \OT1/cmr/bx/n/10 TI- 
 []


Overfull \hbox (23.44432pt too wide) in paragraph at lines 4--4
 \OT1/cmr/bx/n/10 MA- 
 []


Overfull \hbox (29.99983pt too wide) in paragraph at lines 4--4
 \OT1/cmr/bx/n/10 TION 
 []


Overfull \hbox (24.18042pt too wide) in paragraph at lines 4--4
 \OT1/cmr/bx/n/10 FOR 
 []


Overfull \hbox (21.30544pt too wide) in paragraph at lines 4--4
 \OT1/cmr/bx/n/10 COI 
 []


Overfull \hbox (26.51375pt too wide) in paragraph at lines 4--4
 \OT1/cmr/bx/n/10 DNA 
 []


Overfull \hbox (29.33318pt too wide) in paragraph at lines 4--4
 \OT1/cmr/bx/n/10 BAR- 
 []


Overfull \hbox (33.31926pt too wide) in paragraph at lines 4--4
 \OT1/cmr/bx/n/10 CODE 
 []


Overfull \hbox (29.38873pt too wide) in paragraph at lines 4--4
 \OT1/cmr/bx/n/10 HAP- 
 []


Overfull \hbox (19.38878pt too wide) in paragraph at lines 4--4
 \OT1/cmr/bx/n/10 LO- 
 []


Overfull \hbox (32.11093pt too wide) in paragraph at lines 4--4
 \OT1/cmr/bx/n/10 TYPE 
 []


Overfull \hbox (17.0138pt too wide) in paragraph at lines 4--4
 \OT1/cmr/bx/n/10 DI- 
 []


Overfull \hbox (28.70818pt too wide) in paragraph at lines 4--4
 \OT1/cmr/bx/n/10 VER- 
 []


Overfull \hbox (27.44429pt too wide) in paragraph at lines 4--4
 \OT1/cmr/bx/n/10 SITY 
 []


Overfull \hbox (27.87485pt too wide) in paragraph at lines 4--4
 \OT1/cmr/bx/n/10 PRE- 
 []


Overfull \hbox (25.3193pt too wide) in paragraph at lines 4--4
 \OT1/cmr/bx/n/10 DIC- 
 []


Overfull \hbox (29.99983pt too wide) in paragraph at lines 4--4
 \OT1/cmr/bx/n/10 TION 
 []

! Undefined control sequence.
l.6 \ssp
        
The control sequence at the end of the top line
of your error message was never \def'ed. If you have
misspelled it (e.g., `\hobx'), type `I' and the correct
spelling (e.g., `I\hbox'). Otherwise just continue,
and I'll forget about whatever was undefined.


Overfull \hbox (35.22205pt too wide) in paragraph at lines 7--8
\OT1/cmr/bx/n/10 Jarrett
 []


Overfull \hbox (32.45815pt too wide) in paragraph at lines 7--8
\OT1/cmr/bx/n/10 Daniel
 []


Overfull \hbox (37.95256pt too wide) in paragraph at lines 7--8
\OT1/cmr/bx/n/10 Phillips
 []


Overfull \hbox (17.8888pt too wide) in paragraph at lines 7--8
\OT1/cmr/bx/n/10 Co-
 []


Overfull \hbox (47.09973pt too wide) in paragraph at lines 7--8
\OT1/cmr/bx/n/10 Advisors: 
 []


Overfull \hbox (52.14pt too wide) in paragraph at lines 7--8
\OT1/cmr/bx/n/10 University
 []


Overfull \hbox (9.26384pt too wide) in paragraph at lines 7--8
\OT1/cmr/bx/n/10 of
 []


Overfull \hbox (39.86784pt too wide) in paragraph at lines 7--8
\OT1/cmr/bx/n/10 Guelph,
 []


Overfull \hbox (22.99988pt too wide) in paragraph at lines 7--8
\OT1/cmr/bx/n/10 2019
 []


Overfull \hbox (21.286pt too wide) in paragraph at lines 7--8
\OT1/cmr/bx/n/10 Drs.
 []


Overfull \hbox (32.45815pt too wide) in paragraph at lines 7--8
\OT1/cmr/bx/n/10 Daniel
 []


Overfull \hbox (26.3554pt too wide) in paragraph at lines 7--8
\OT1/cmr/bx/n/10 Gillis
 []


Overfull \hbox (18.36794pt too wide) in paragraph at lines 7--8
\OT1/cmr/bx/n/10 and
 []


Overfull \hbox (35.56233pt too wide) in paragraph at lines 7--8
\OT1/cmr/bx/n/10 Robert
 []


Overfull \hbox (24.81235pt too wide) in paragraph at lines 7--8
\OT1/cmr/bx/n/10 Han-
 []


Overfull \hbox (16.39577pt too wide) in paragraph at lines 7--8
\OT1/cmr/bx/n/10 ner 
 []

! Undefined control sequence.
l.10 \dsp
         
The control sequence at the end of the top line
of your error message was never \def'ed. If you have
misspelled it (e.g., `\hobx'), type `I' and the correct
spelling (e.g., `I\hbox'). Otherwise just continue,
and I'll forget about whatever was undefined.

! Undefined control sequence.
l.11 \paragraph
               *{}
The control sequence at the end of the top line
of your error message was never \def'ed. If you have
misspelled it (e.g., `\hobx'), type `I' and the correct
spelling (e.g., `I\hbox'). Otherwise just continue,
and I'll forget about whatever was undefined.

Missing character: There is no * in font nullfont!

Overfull \hbox (20.0pt too wide) in paragraph at lines 11--12
[] 
 []


! LaTeX Error: \begin{document} ended by \end{abstract}.

See the LaTeX manual or LaTeX Companion for explanation.
Type  H <return>  for immediate help.
 ...                                              
                                                  
l.13 \end{abstract}
                   
Your command was ignored.
Type  I <command> <return>  to replace it with another command,
or  <return>  to continue without it.


! LaTeX Error: The font size command \normalsize is not defined:
               there is probably something wrong with the class file.

See the LaTeX manual or LaTeX Companion for explanation.
Type  H <return>  for immediate help.
 ...                                              
                                                  
l.14 \normalsize
                
Your command was ignored.
Type  I <command> <return>  to replace it with another command,
or  <return>  to continue without it.

)
! Emergency stop.
<*> PhD_02_Abstract.tex
                       
*** (job aborted, no legal \end found)

 
Here is how much of TeX's memory you used:
 10 strings out of 493014
 203 string characters out of 6133351
 54601 words of memory out of 5000000
 3652 multiletter control sequences out of 15000+600000
 3948 words of font info for 15 fonts, out of 8000000 for 9000
 1141 hyphenation exceptions out of 8191
 13i,1n,10p,185b,118s stack positions out of 5000i,500n,10000p,200000b,80000s
!  ==> Fatal error occurred, no output PDF file produced!
