This is pdfTeX, Version 3.141592653-2.6-1.40.22 (TeX Live 2021) (preloaded format=pdflatex 2022.1.27)  6 APR 2022 11:16
entering extended mode
 restricted \write18 enabled.
 %&-line parsing enabled.
**PhD_00_Thesis.tex
(./PhD_00_Thesis.tex
LaTeX2e <2020-10-01> patch level 4
L3 programming layer <2021-02-18> (./uogthesis.cls
Document Class: uogthesis 2013/03/03 v1.0 UoG Thesis Class
(/usr/local/texlive/2021/texmf-dist/tex/latex/ucthesis/uct12.clo)
\descriptionmargin=\dimen138
\c@part=\count179
\c@chapter=\count180
\c@section=\count181
\c@subsection=\count182
\c@subsubsection=\count183
\c@paragraph=\count184
\c@subparagraph=\count185
\c@figure=\count186
\c@table=\count187
)
(/usr/local/texlive/2021/texmf-dist/tex/latex/base/latexsym.sty
Package: latexsym 1998/08/17 v2.2e Standard LaTeX package (lasy symbols)
\symlasy=\mathgroup4
LaTeX Font Info:    Overwriting symbol font `lasy' in version `bold'
(Font)                  U/lasy/m/n --> U/lasy/b/n on input line 52.
)
(/usr/local/texlive/2021/texmf-dist/tex/latex/base/alltt.sty
Package: alltt 1997/06/16 v2.0g defines alltt environment
)
(/usr/local/texlive/2021/texmf-dist/tex/latex/tools/theorem.sty
Package: theorem 2014/10/28 v2.2c Theorem extension package (FMi)
\theorem@style=\toks15
\theorem@bodyfont=\toks16
\theorempreskipamount=\skip47
\theorempostskipamount=\skip48

(/usr/local/texlive/2021/texmf-dist/tex/latex/tools/thp.sty
File: thp.sty 2014/10/28 v2.2c Theorem extension package (FMi)
))
(/usr/local/texlive/2021/texmf-dist/tex/latex/graphics/graphicx.sty
Package: graphicx 2020/09/09 v1.2b Enhanced LaTeX Graphics (DPC,SPQR)

(/usr/local/texlive/2021/texmf-dist/tex/latex/graphics/keyval.sty
Package: keyval 2014/10/28 v1.15 key=value parser (DPC)
\KV@toks@=\toks17
)
(/usr/local/texlive/2021/texmf-dist/tex/latex/graphics/graphics.sty
Package: graphics 2020/08/30 v1.4c Standard LaTeX Graphics (DPC,SPQR)

(/usr/local/texlive/2021/texmf-dist/tex/latex/graphics/trig.sty
Package: trig 2016/01/03 v1.10 sin cos tan (DPC)
)
(/usr/local/texlive/2021/texmf-dist/tex/latex/graphics-cfg/graphics.cfg
File: graphics.cfg 2016/06/04 v1.11 sample graphics configuration
)
Package graphics Info: Driver file: pdftex.def on input line 105.

(/usr/local/texlive/2021/texmf-dist/tex/latex/graphics-def/pdftex.def
File: pdftex.def 2020/10/05 v1.2a Graphics/color driver for pdftex
))
\Gin@req@height=\dimen139
\Gin@req@width=\dimen140
)
(/usr/local/texlive/2021/texmf-dist/tex/latex/url/url.sty
\Urlmuskip=\muskip16
Package: url 2013/09/16  ver 3.4  Verb mode for urls, etc.
)
(/usr/local/texlive/2021/texmf-dist/tex/latex/pdfsync/pdfsync.sty
Package: pdfsync 2008/01/26 v1.1
)
(/usr/local/texlive/2021/texmf-dist/tex/latex/pdfpages/pdfpages.sty
Package: pdfpages 2021/03/06 v0.5t Insert pages of external PDF documents (AM)

(/usr/local/texlive/2021/texmf-dist/tex/latex/base/ifthen.sty
Package: ifthen 2014/09/29 v1.1c Standard LaTeX ifthen package (DPC)
)
(/usr/local/texlive/2021/texmf-dist/tex/latex/tools/calc.sty
Package: calc 2017/05/25 v4.3 Infix arithmetic (KKT,FJ)
\calc@Acount=\count188
\calc@Bcount=\count189
\calc@Adimen=\dimen141
\calc@Bdimen=\dimen142
\calc@Askip=\skip49
\calc@Bskip=\skip50
LaTeX Info: Redefining \setlength on input line 80.
LaTeX Info: Redefining \addtolength on input line 81.
\calc@Ccount=\count190
\calc@Cskip=\skip51
)
(/usr/local/texlive/2021/texmf-dist/tex/latex/eso-pic/eso-pic.sty
Package: eso-pic 2020/10/14 v3.0a eso-pic (RN)
\ESO@tempdima=\dimen143
\ESO@tempdimb=\dimen144

(/usr/local/texlive/2021/texmf-dist/tex/latex/xcolor/xcolor.sty
Package: xcolor 2016/05/11 v2.12 LaTeX color extensions (UK)

(/usr/local/texlive/2021/texmf-dist/tex/latex/graphics-cfg/color.cfg
File: color.cfg 2016/01/02 v1.6 sample color configuration
)
Package xcolor Info: Driver file: pdftex.def on input line 225.
Package xcolor Info: Model `cmy' substituted by `cmy0' on input line 1348.
Package xcolor Info: Model `hsb' substituted by `rgb' on input line 1352.
Package xcolor Info: Model `RGB' extended on input line 1364.
Package xcolor Info: Model `HTML' substituted by `rgb' on input line 1366.
Package xcolor Info: Model `Hsb' substituted by `hsb' on input line 1367.
Package xcolor Info: Model `tHsb' substituted by `hsb' on input line 1368.
Package xcolor Info: Model `HSB' substituted by `hsb' on input line 1369.
Package xcolor Info: Model `Gray' substituted by `gray' on input line 1370.
Package xcolor Info: Model `wave' substituted by `hsb' on input line 1371.
))
\AM@pagewidth=\dimen145
\AM@pageheight=\dimen146
\AM@fboxrule=\dimen147

(/usr/local/texlive/2021/texmf-dist/tex/latex/pdfpages/pppdftex.def
File: pppdftex.def 2021/03/06 v0.5t Pdfpages driver for pdfTeX (AM)
)
\pdfpages@includegraphics@status=\count191
\AM@pagebox=\box47
\AM@global@opts=\toks18
\AM@pagecnt=\count192
\AM@toc@title=\toks19
\c@AM@survey=\count193
\AM@templatesizebox=\box48
)
(/usr/local/texlive/2021/texmf-dist/tex/latex/tools/longtable.sty
Package: longtable 2020/01/07 v4.13 Multi-page Table package (DPC)
\LTleft=\skip52
\LTright=\skip53
\LTpre=\skip54
\LTpost=\skip55
\LTchunksize=\count194
\LTcapwidth=\dimen148
\LT@head=\box49
\LT@firsthead=\box50
\LT@foot=\box51
\LT@lastfoot=\box52
\LT@cols=\count195
\LT@rows=\count196
\c@LT@tables=\count197
\c@LT@chunks=\count198
\LT@p@ftn=\toks20
)
(/usr/local/texlive/2021/texmf-dist/tex/latex/multirow/multirow.sty
Package: multirow 2021/03/15 v2.8 Span multiple rows of a table
\multirow@colwidth=\skip56
\multirow@cntb=\count199
\multirow@dima=\skip57
\bigstrutjot=\dimen149
)
(/usr/local/texlive/2021/texmf-dist/tex/latex/graphics/rotating.sty
Package: rotating 2016/08/11 v2.16d rotated objects in LaTeX
\c@r@tfl@t=\count266
\rotFPtop=\skip58
\rotFPbot=\skip59
\rot@float@box=\box53
\rot@mess@toks=\toks21
)
(/usr/local/texlive/2021/texmf-dist/tex/latex/hyperref/hyperref.sty
Package: hyperref 2021-02-27 v7.00k Hypertext links for LaTeX

(/usr/local/texlive/2021/texmf-dist/tex/generic/ltxcmds/ltxcmds.sty
Package: ltxcmds 2020-05-10 v1.25 LaTeX kernel commands for general use (HO)
)
(/usr/local/texlive/2021/texmf-dist/tex/generic/iftex/iftex.sty
Package: iftex 2020/03/06 v1.0d TeX engine tests
)
(/usr/local/texlive/2021/texmf-dist/tex/generic/pdftexcmds/pdftexcmds.sty
Package: pdftexcmds 2020-06-27 v0.33 Utility functions of pdfTeX for LuaTeX (HO
)

(/usr/local/texlive/2021/texmf-dist/tex/generic/infwarerr/infwarerr.sty
Package: infwarerr 2019/12/03 v1.5 Providing info/warning/error messages (HO)
)
Package pdftexcmds Info: \pdf@primitive is available.
Package pdftexcmds Info: \pdf@ifprimitive is available.
Package pdftexcmds Info: \pdfdraftmode found.
)
(/usr/local/texlive/2021/texmf-dist/tex/generic/kvsetkeys/kvsetkeys.sty
Package: kvsetkeys 2019/12/15 v1.18 Key value parser (HO)
)
(/usr/local/texlive/2021/texmf-dist/tex/generic/kvdefinekeys/kvdefinekeys.sty
Package: kvdefinekeys 2019-12-19 v1.6 Define keys (HO)
)
(/usr/local/texlive/2021/texmf-dist/tex/generic/pdfescape/pdfescape.sty
Package: pdfescape 2019/12/09 v1.15 Implements pdfTeX's escape features (HO)
)
(/usr/local/texlive/2021/texmf-dist/tex/latex/hycolor/hycolor.sty
Package: hycolor 2020-01-27 v1.10 Color options for hyperref/bookmark (HO)
)
(/usr/local/texlive/2021/texmf-dist/tex/latex/letltxmacro/letltxmacro.sty
Package: letltxmacro 2019/12/03 v1.6 Let assignment for LaTeX macros (HO)
)
(/usr/local/texlive/2021/texmf-dist/tex/latex/auxhook/auxhook.sty
Package: auxhook 2019-12-17 v1.6 Hooks for auxiliary files (HO)
)
(/usr/local/texlive/2021/texmf-dist/tex/latex/kvoptions/kvoptions.sty
Package: kvoptions 2020-10-07 v3.14 Key value format for package options (HO)
)
\@linkdim=\dimen150
\Hy@linkcounter=\count267
\Hy@pagecounter=\count268

(/usr/local/texlive/2021/texmf-dist/tex/latex/hyperref/pd1enc.def
File: pd1enc.def 2021-02-27 v7.00k Hyperref: PDFDocEncoding definition (HO)
)
(/usr/local/texlive/2021/texmf-dist/tex/latex/hyperref/hyperref-langpatches.def
File: hyperref-langpatches.def 2021-02-27 v7.00k Hyperref: patches for babel la
nguages
) (/usr/local/texlive/2021/texmf-dist/tex/generic/intcalc/intcalc.sty
Package: intcalc 2019/12/15 v1.3 Expandable calculations with integers (HO)
)
(/usr/local/texlive/2021/texmf-dist/tex/generic/etexcmds/etexcmds.sty
Package: etexcmds 2019/12/15 v1.7 Avoid name clashes with e-TeX commands (HO)
)
\Hy@SavedSpaceFactor=\count269

(/usr/local/texlive/2021/texmf-dist/tex/latex/hyperref/puenc.def
File: puenc.def 2021-02-27 v7.00k Hyperref: PDF Unicode definition (HO)
)
Package hyperref Info: Hyper figures OFF on input line 4192.
Package hyperref Info: Link nesting OFF on input line 4197.
Package hyperref Info: Hyper index ON on input line 4200.
Package hyperref Info: Plain pages OFF on input line 4207.
Package hyperref Info: Backreferencing OFF on input line 4212.
Package hyperref Info: Implicit mode ON; LaTeX internals redefined.
Package hyperref Info: Bookmarks ON on input line 4445.
\c@Hy@tempcnt=\count270
LaTeX Info: Redefining \url on input line 4804.
\XeTeXLinkMargin=\dimen151

(/usr/local/texlive/2021/texmf-dist/tex/generic/bitset/bitset.sty
Package: bitset 2019/12/09 v1.3 Handle bit-vector datatype (HO)

(/usr/local/texlive/2021/texmf-dist/tex/generic/bigintcalc/bigintcalc.sty
Package: bigintcalc 2019/12/15 v1.5 Expandable calculations on big integers (HO
)
))
\Fld@menulength=\count271
\Field@Width=\dimen152
\Fld@charsize=\dimen153
Package hyperref Info: Hyper figures OFF on input line 6075.
Package hyperref Info: Link nesting OFF on input line 6080.
Package hyperref Info: Hyper index ON on input line 6083.
Package hyperref Info: backreferencing OFF on input line 6090.
Package hyperref Info: Link coloring OFF on input line 6095.
Package hyperref Info: Link coloring with OCG OFF on input line 6100.
Package hyperref Info: PDF/A mode OFF on input line 6105.
LaTeX Info: Redefining \ref on input line 6145.
LaTeX Info: Redefining \pageref on input line 6149.

(/usr/local/texlive/2021/texmf-dist/tex/latex/base/atbegshi-ltx.sty
Package: atbegshi-ltx 2020/08/17 v1.0a Emulation of the original atbegshi packa
ge
with kernel methods
)
\Hy@abspage=\count272
\c@Item=\count273
\c@Hfootnote=\count274
)
Package hyperref Info: Driver (autodetected): hpdftex.

(/usr/local/texlive/2021/texmf-dist/tex/latex/hyperref/hpdftex.def
File: hpdftex.def 2021-02-27 v7.00k Hyperref driver for pdfTeX

(/usr/local/texlive/2021/texmf-dist/tex/latex/base/atveryend-ltx.sty
Package: atveryend-ltx 2020/08/19 v1.0a Emulation of the original atvery packag
e
with kernel methods
)
\Fld@listcount=\count275
\c@bookmark@seq@number=\count276

(/usr/local/texlive/2021/texmf-dist/tex/latex/rerunfilecheck/rerunfilecheck.sty
Package: rerunfilecheck 2019/12/05 v1.9 Rerun checks for auxiliary files (HO)

(/usr/local/texlive/2021/texmf-dist/tex/generic/uniquecounter/uniquecounter.sty
Package: uniquecounter 2019/12/15 v1.4 Provide unlimited unique counter (HO)
)
Package uniquecounter Info: New unique counter `rerunfilecheck' on input line 2
86.
)
\Hy@SectionHShift=\skip60
) (/usr/local/texlive/2021/texmf-dist/tex/latex/tools/bm.sty
Package: bm 2019/07/24 v1.2d Bold Symbol Support (DPC/FMi)
\symboldoperators=\mathgroup5
\symboldletters=\mathgroup6
\symboldsymbols=\mathgroup7
\symboldlasy=\mathgroup8
LaTeX Font Info:    Redeclaring math alphabet \mathbf on input line 141.
LaTeX Info: Redefining \bm on input line 209.
)
(/usr/local/texlive/2021/texmf-dist/tex/latex/listings/listings.sty
\lst@mode=\count277
\lst@gtempboxa=\box54
\lst@token=\toks22
\lst@length=\count278
\lst@currlwidth=\dimen154
\lst@column=\count279
\lst@pos=\count280
\lst@lostspace=\dimen155
\lst@width=\dimen156
\lst@newlines=\count281
\lst@lineno=\count282
\abovecaptionskip=\skip61
\belowcaptionskip=\skip62
\lst@maxwidth=\dimen157

(/usr/local/texlive/2021/texmf-dist/tex/latex/listings/lstmisc.sty
File: lstmisc.sty 2020/03/24 1.8d (Carsten Heinz)
\c@lstnumber=\count283
\lst@skipnumbers=\count284
\lst@framebox=\box55
)
(/usr/local/texlive/2021/texmf-dist/tex/latex/listings/listings.cfg
File: listings.cfg 2020/03/24 1.8d listings configuration
))
Package: listings 2020/03/24 1.8d (Carsten Heinz)

(/usr/local/texlive/2021/texmf-dist/tex/latex/graphics/lscape.sty
Package: lscape 2020/05/28 v3.02 Landscape Pages (DPC)
)
(/usr/local/texlive/2021/texmf-dist/tex/latex/pgf/basiclayer/pgf.sty
(/usr/local/texlive/2021/texmf-dist/tex/latex/pgf/utilities/pgfrcs.sty
(/usr/local/texlive/2021/texmf-dist/tex/generic/pgf/utilities/pgfutil-common.te
x
\pgfutil@everybye=\toks23
\pgfutil@tempdima=\dimen158
\pgfutil@tempdimb=\dimen159

(/usr/local/texlive/2021/texmf-dist/tex/generic/pgf/utilities/pgfutil-common-li
sts.tex))
(/usr/local/texlive/2021/texmf-dist/tex/generic/pgf/utilities/pgfutil-latex.def
\pgfutil@abb=\box56
) (/usr/local/texlive/2021/texmf-dist/tex/generic/pgf/utilities/pgfrcs.code.tex
(/usr/local/texlive/2021/texmf-dist/tex/generic/pgf/pgf.revision.tex)
Package: pgfrcs 2020/12/27 v3.1.8b (3.1.8b)
))
Package: pgf 2020/12/27 v3.1.8b (3.1.8b)

(/usr/local/texlive/2021/texmf-dist/tex/latex/pgf/basiclayer/pgfcore.sty
(/usr/local/texlive/2021/texmf-dist/tex/latex/pgf/systemlayer/pgfsys.sty
(/usr/local/texlive/2021/texmf-dist/tex/generic/pgf/systemlayer/pgfsys.code.tex
Package: pgfsys 2020/12/27 v3.1.8b (3.1.8b)
(/usr/local/texlive/2021/texmf-dist/tex/generic/pgf/utilities/pgfkeys.code.tex
\pgfkeys@pathtoks=\toks24
\pgfkeys@temptoks=\toks25

(/usr/local/texlive/2021/texmf-dist/tex/generic/pgf/utilities/pgfkeysfiltered.c
ode.tex
\pgfkeys@tmptoks=\toks26
))
\pgf@x=\dimen160
\pgf@y=\dimen161
\pgf@xa=\dimen162
\pgf@ya=\dimen163
\pgf@xb=\dimen164
\pgf@yb=\dimen165
\pgf@xc=\dimen166
\pgf@yc=\dimen167
\pgf@xd=\dimen168
\pgf@yd=\dimen169
\w@pgf@writea=\write3
\r@pgf@reada=\read2
\c@pgf@counta=\count285
\c@pgf@countb=\count286
\c@pgf@countc=\count287
\c@pgf@countd=\count288
\t@pgf@toka=\toks27
\t@pgf@tokb=\toks28
\t@pgf@tokc=\toks29
\pgf@sys@id@count=\count289

(/usr/local/texlive/2021/texmf-dist/tex/generic/pgf/systemlayer/pgf.cfg
File: pgf.cfg 2020/12/27 v3.1.8b (3.1.8b)
)
Driver file for pgf: pgfsys-pdftex.def

(/usr/local/texlive/2021/texmf-dist/tex/generic/pgf/systemlayer/pgfsys-pdftex.d
ef
File: pgfsys-pdftex.def 2020/12/27 v3.1.8b (3.1.8b)

(/usr/local/texlive/2021/texmf-dist/tex/generic/pgf/systemlayer/pgfsys-common-p
df.def
File: pgfsys-common-pdf.def 2020/12/27 v3.1.8b (3.1.8b)
)))
(/usr/local/texlive/2021/texmf-dist/tex/generic/pgf/systemlayer/pgfsyssoftpath.
code.tex
File: pgfsyssoftpath.code.tex 2020/12/27 v3.1.8b (3.1.8b)
\pgfsyssoftpath@smallbuffer@items=\count290
\pgfsyssoftpath@bigbuffer@items=\count291
)
(/usr/local/texlive/2021/texmf-dist/tex/generic/pgf/systemlayer/pgfsysprotocol.
code.tex
File: pgfsysprotocol.code.tex 2020/12/27 v3.1.8b (3.1.8b)
))
(/usr/local/texlive/2021/texmf-dist/tex/generic/pgf/basiclayer/pgfcore.code.tex
Package: pgfcore 2020/12/27 v3.1.8b (3.1.8b)
(/usr/local/texlive/2021/texmf-dist/tex/generic/pgf/math/pgfmath.code.tex
(/usr/local/texlive/2021/texmf-dist/tex/generic/pgf/math/pgfmathcalc.code.tex
(/usr/local/texlive/2021/texmf-dist/tex/generic/pgf/math/pgfmathutil.code.tex)
(/usr/local/texlive/2021/texmf-dist/tex/generic/pgf/math/pgfmathparser.code.tex
\pgfmath@dimen=\dimen170
\pgfmath@count=\count292
\pgfmath@box=\box57
\pgfmath@toks=\toks30
\pgfmath@stack@operand=\toks31
\pgfmath@stack@operation=\toks32
)
(/usr/local/texlive/2021/texmf-dist/tex/generic/pgf/math/pgfmathfunctions.code.
tex
(/usr/local/texlive/2021/texmf-dist/tex/generic/pgf/math/pgfmathfunctions.basic
.code.tex)
(/usr/local/texlive/2021/texmf-dist/tex/generic/pgf/math/pgfmathfunctions.trigo
nometric.code.tex)
(/usr/local/texlive/2021/texmf-dist/tex/generic/pgf/math/pgfmathfunctions.rando
m.code.tex)
(/usr/local/texlive/2021/texmf-dist/tex/generic/pgf/math/pgfmathfunctions.compa
rison.code.tex)
(/usr/local/texlive/2021/texmf-dist/tex/generic/pgf/math/pgfmathfunctions.base.
code.tex)
(/usr/local/texlive/2021/texmf-dist/tex/generic/pgf/math/pgfmathfunctions.round
.code.tex)
(/usr/local/texlive/2021/texmf-dist/tex/generic/pgf/math/pgfmathfunctions.misc.
code.tex)
(/usr/local/texlive/2021/texmf-dist/tex/generic/pgf/math/pgfmathfunctions.integ
erarithmetics.code.tex)))
(/usr/local/texlive/2021/texmf-dist/tex/generic/pgf/math/pgfmathfloat.code.tex
\c@pgfmathroundto@lastzeros=\count293
)) (/usr/local/texlive/2021/texmf-dist/tex/generic/pgf/math/pgfint.code.tex)
(/usr/local/texlive/2021/texmf-dist/tex/generic/pgf/basiclayer/pgfcorepoints.co
de.tex
File: pgfcorepoints.code.tex 2020/12/27 v3.1.8b (3.1.8b)
\pgf@picminx=\dimen171
\pgf@picmaxx=\dimen172
\pgf@picminy=\dimen173
\pgf@picmaxy=\dimen174
\pgf@pathminx=\dimen175
\pgf@pathmaxx=\dimen176
\pgf@pathminy=\dimen177
\pgf@pathmaxy=\dimen178
\pgf@xx=\dimen179
\pgf@xy=\dimen180
\pgf@yx=\dimen181
\pgf@yy=\dimen182
\pgf@zx=\dimen183
\pgf@zy=\dimen184
)
(/usr/local/texlive/2021/texmf-dist/tex/generic/pgf/basiclayer/pgfcorepathconst
ruct.code.tex
File: pgfcorepathconstruct.code.tex 2020/12/27 v3.1.8b (3.1.8b)
\pgf@path@lastx=\dimen185
\pgf@path@lasty=\dimen186
)
(/usr/local/texlive/2021/texmf-dist/tex/generic/pgf/basiclayer/pgfcorepathusage
.code.tex
File: pgfcorepathusage.code.tex 2020/12/27 v3.1.8b (3.1.8b)
\pgf@shorten@end@additional=\dimen187
\pgf@shorten@start@additional=\dimen188
)
(/usr/local/texlive/2021/texmf-dist/tex/generic/pgf/basiclayer/pgfcorescopes.co
de.tex
File: pgfcorescopes.code.tex 2020/12/27 v3.1.8b (3.1.8b)
\pgfpic=\box58
\pgf@hbox=\box59
\pgf@layerbox@main=\box60
\pgf@picture@serial@count=\count294
)
(/usr/local/texlive/2021/texmf-dist/tex/generic/pgf/basiclayer/pgfcoregraphicst
ate.code.tex
File: pgfcoregraphicstate.code.tex 2020/12/27 v3.1.8b (3.1.8b)
\pgflinewidth=\dimen189
)
(/usr/local/texlive/2021/texmf-dist/tex/generic/pgf/basiclayer/pgfcoretransform
ations.code.tex
File: pgfcoretransformations.code.tex 2020/12/27 v3.1.8b (3.1.8b)
\pgf@pt@x=\dimen190
\pgf@pt@y=\dimen191
\pgf@pt@temp=\dimen192
)
(/usr/local/texlive/2021/texmf-dist/tex/generic/pgf/basiclayer/pgfcorequick.cod
e.tex
File: pgfcorequick.code.tex 2020/12/27 v3.1.8b (3.1.8b)
)
(/usr/local/texlive/2021/texmf-dist/tex/generic/pgf/basiclayer/pgfcoreobjects.c
ode.tex
File: pgfcoreobjects.code.tex 2020/12/27 v3.1.8b (3.1.8b)
)
(/usr/local/texlive/2021/texmf-dist/tex/generic/pgf/basiclayer/pgfcorepathproce
ssing.code.tex
File: pgfcorepathprocessing.code.tex 2020/12/27 v3.1.8b (3.1.8b)
)
(/usr/local/texlive/2021/texmf-dist/tex/generic/pgf/basiclayer/pgfcorearrows.co
de.tex
File: pgfcorearrows.code.tex 2020/12/27 v3.1.8b (3.1.8b)
\pgfarrowsep=\dimen193
)
(/usr/local/texlive/2021/texmf-dist/tex/generic/pgf/basiclayer/pgfcoreshade.cod
e.tex
File: pgfcoreshade.code.tex 2020/12/27 v3.1.8b (3.1.8b)
\pgf@max=\dimen194
\pgf@sys@shading@range@num=\count295
\pgf@shadingcount=\count296
)
(/usr/local/texlive/2021/texmf-dist/tex/generic/pgf/basiclayer/pgfcoreimage.cod
e.tex
File: pgfcoreimage.code.tex 2020/12/27 v3.1.8b (3.1.8b)

(/usr/local/texlive/2021/texmf-dist/tex/generic/pgf/basiclayer/pgfcoreexternal.
code.tex
File: pgfcoreexternal.code.tex 2020/12/27 v3.1.8b (3.1.8b)
\pgfexternal@startupbox=\box61
))
(/usr/local/texlive/2021/texmf-dist/tex/generic/pgf/basiclayer/pgfcorelayers.co
de.tex
File: pgfcorelayers.code.tex 2020/12/27 v3.1.8b (3.1.8b)
)
(/usr/local/texlive/2021/texmf-dist/tex/generic/pgf/basiclayer/pgfcoretranspare
ncy.code.tex
File: pgfcoretransparency.code.tex 2020/12/27 v3.1.8b (3.1.8b)
)
(/usr/local/texlive/2021/texmf-dist/tex/generic/pgf/basiclayer/pgfcorepatterns.
code.tex
File: pgfcorepatterns.code.tex 2020/12/27 v3.1.8b (3.1.8b)
)
(/usr/local/texlive/2021/texmf-dist/tex/generic/pgf/basiclayer/pgfcorerdf.code.
tex
File: pgfcorerdf.code.tex 2020/12/27 v3.1.8b (3.1.8b)
)))
(/usr/local/texlive/2021/texmf-dist/tex/generic/pgf/modules/pgfmoduleshapes.cod
e.tex
File: pgfmoduleshapes.code.tex 2020/12/27 v3.1.8b (3.1.8b)
\pgfnodeparttextbox=\box62
)
(/usr/local/texlive/2021/texmf-dist/tex/generic/pgf/modules/pgfmoduleplot.code.
tex
File: pgfmoduleplot.code.tex 2020/12/27 v3.1.8b (3.1.8b)
)
(/usr/local/texlive/2021/texmf-dist/tex/latex/pgf/compatibility/pgfcomp-version
-0-65.sty
Package: pgfcomp-version-0-65 2020/12/27 v3.1.8b (3.1.8b)
\pgf@nodesepstart=\dimen195
\pgf@nodesepend=\dimen196
)
(/usr/local/texlive/2021/texmf-dist/tex/latex/pgf/compatibility/pgfcomp-version
-1-18.sty
Package: pgfcomp-version-1-18 2020/12/27 v3.1.8b (3.1.8b)
))
(/usr/local/texlive/2021/texmf-dist/tex/latex/pgf/frontendlayer/tikz.sty
(/usr/local/texlive/2021/texmf-dist/tex/latex/pgf/utilities/pgffor.sty
(/usr/local/texlive/2021/texmf-dist/tex/latex/pgf/utilities/pgfkeys.sty
(/usr/local/texlive/2021/texmf-dist/tex/generic/pgf/utilities/pgfkeys.code.tex)
) (/usr/local/texlive/2021/texmf-dist/tex/latex/pgf/math/pgfmath.sty
(/usr/local/texlive/2021/texmf-dist/tex/generic/pgf/math/pgfmath.code.tex))
(/usr/local/texlive/2021/texmf-dist/tex/generic/pgf/utilities/pgffor.code.tex
Package: pgffor 2020/12/27 v3.1.8b (3.1.8b)

(/usr/local/texlive/2021/texmf-dist/tex/generic/pgf/math/pgfmath.code.tex)
\pgffor@iter=\dimen197
\pgffor@skip=\dimen198
\pgffor@stack=\toks33
\pgffor@toks=\toks34
))
(/usr/local/texlive/2021/texmf-dist/tex/generic/pgf/frontendlayer/tikz/tikz.cod
e.tex
Package: tikz 2020/12/27 v3.1.8b (3.1.8b)

(/usr/local/texlive/2021/texmf-dist/tex/generic/pgf/libraries/pgflibraryplothan
dlers.code.tex
File: pgflibraryplothandlers.code.tex 2020/12/27 v3.1.8b (3.1.8b)
\pgf@plot@mark@count=\count297
\pgfplotmarksize=\dimen199
)
\tikz@lastx=\dimen256
\tikz@lasty=\dimen257
\tikz@lastxsaved=\dimen258
\tikz@lastysaved=\dimen259
\tikz@lastmovetox=\dimen260
\tikz@lastmovetoy=\dimen261
\tikzleveldistance=\dimen262
\tikzsiblingdistance=\dimen263
\tikz@figbox=\box63
\tikz@figbox@bg=\box64
\tikz@tempbox=\box65
\tikz@tempbox@bg=\box66
\tikztreelevel=\count298
\tikznumberofchildren=\count299
\tikznumberofcurrentchild=\count300
\tikz@fig@count=\count301

(/usr/local/texlive/2021/texmf-dist/tex/generic/pgf/modules/pgfmodulematrix.cod
e.tex
File: pgfmodulematrix.code.tex 2020/12/27 v3.1.8b (3.1.8b)
\pgfmatrixcurrentrow=\count302
\pgfmatrixcurrentcolumn=\count303
\pgf@matrix@numberofcolumns=\count304
)
\tikz@expandcount=\count305

(/usr/local/texlive/2021/texmf-dist/tex/generic/pgf/frontendlayer/tikz/librarie
s/tikzlibrarytopaths.code.tex
File: tikzlibrarytopaths.code.tex 2020/12/27 v3.1.8b (3.1.8b)
)))
(/usr/local/texlive/2021/texmf-dist/tex/latex/tools/verbatim.sty
Package: verbatim 2020-07-07 v1.5u LaTeX2e package for verbatim enhancements
\every@verbatim=\toks35
\verbatim@line=\toks36
\verbatim@in@stream=\read3
)
(/usr/local/texlive/2021/texmf-dist/tex/generic/pgf/frontendlayer/tikz/librarie
s/tikzlibraryarrows.code.tex
File: tikzlibraryarrows.code.tex 2020/12/27 v3.1.8b (3.1.8b)

(/usr/local/texlive/2021/texmf-dist/tex/generic/pgf/libraries/pgflibraryarrows.
code.tex
File: pgflibraryarrows.code.tex 2020/12/27 v3.1.8b (3.1.8b)
\arrowsize=\dimen264
))
(/usr/local/texlive/2021/texmf-dist/tex/generic/pgf/frontendlayer/tikz/librarie
s/tikzlibrarybackgrounds.code.tex
File: tikzlibrarybackgrounds.code.tex 2020/12/27 v3.1.8b (3.1.8b)
\pgf@layerbox@background=\box67
\pgf@layerboxsaved@background=\box68
)
(/usr/local/texlive/2021/texmf-dist/tex/generic/pgf/frontendlayer/tikz/librarie
s/tikzlibrarytrees.code.tex
File: tikzlibrarytrees.code.tex 2020/12/27 v3.1.8b (3.1.8b)
)
(/usr/local/texlive/2021/texmf-dist/tex/generic/pgf/frontendlayer/tikz/librarie
s/tikzlibraryshapes.code.tex
File: tikzlibraryshapes.code.tex 2020/12/27 v3.1.8b (3.1.8b)

(/usr/local/texlive/2021/texmf-dist/tex/generic/pgf/frontendlayer/tikz/librarie
s/tikzlibraryshapes.geometric.code.tex
File: tikzlibraryshapes.geometric.code.tex 2020/12/27 v3.1.8b (3.1.8b)

(/usr/local/texlive/2021/texmf-dist/tex/generic/pgf/libraries/shapes/pgflibrary
shapes.geometric.code.tex
File: pgflibraryshapes.geometric.code.tex 2020/12/27 v3.1.8b (3.1.8b)
))
(/usr/local/texlive/2021/texmf-dist/tex/generic/pgf/frontendlayer/tikz/librarie
s/tikzlibraryshapes.misc.code.tex
File: tikzlibraryshapes.misc.code.tex 2020/12/27 v3.1.8b (3.1.8b)

(/usr/local/texlive/2021/texmf-dist/tex/generic/pgf/libraries/shapes/pgflibrary
shapes.misc.code.tex
File: pgflibraryshapes.misc.code.tex 2020/12/27 v3.1.8b (3.1.8b)
))
(/usr/local/texlive/2021/texmf-dist/tex/generic/pgf/frontendlayer/tikz/librarie
s/tikzlibraryshapes.symbols.code.tex
File: tikzlibraryshapes.symbols.code.tex 2020/12/27 v3.1.8b (3.1.8b)

(/usr/local/texlive/2021/texmf-dist/tex/generic/pgf/libraries/shapes/pgflibrary
shapes.symbols.code.tex
File: pgflibraryshapes.symbols.code.tex 2020/12/27 v3.1.8b (3.1.8b)
))
(/usr/local/texlive/2021/texmf-dist/tex/generic/pgf/frontendlayer/tikz/librarie
s/tikzlibraryshapes.arrows.code.tex
File: tikzlibraryshapes.arrows.code.tex 2020/12/27 v3.1.8b (3.1.8b)

(/usr/local/texlive/2021/texmf-dist/tex/generic/pgf/libraries/shapes/pgflibrary
shapes.arrows.code.tex
File: pgflibraryshapes.arrows.code.tex 2020/12/27 v3.1.8b (3.1.8b)
))
(/usr/local/texlive/2021/texmf-dist/tex/generic/pgf/frontendlayer/tikz/librarie
s/tikzlibraryshapes.callouts.code.tex
(/usr/local/texlive/2021/texmf-dist/tex/generic/pgf/libraries/shapes/pgflibrary
shapes.callouts.code.tex))
(/usr/local/texlive/2021/texmf-dist/tex/generic/pgf/frontendlayer/tikz/librarie
s/tikzlibraryshapes.multipart.code.tex
File: tikzlibraryshapes.multipart.code.tex 2020/12/27 v3.1.8b (3.1.8b)

(/usr/local/texlive/2021/texmf-dist/tex/generic/pgf/libraries/shapes/pgflibrary
shapes.multipart.code.tex
File: pgflibraryshapes.multipart.code.tex 2020/12/27 v3.1.8b (3.1.8b)
\pgfnodepartlowerbox=\box69
\pgfnodeparttwobox=\box70
\pgfnodepartthreebox=\box71
\pgfnodepartfourbox=\box72
\pgfnodeparttwentybox=\box73
\pgfnodepartnineteenbox=\box74
\pgfnodeparteighteenbox=\box75
\pgfnodepartseventeenbox=\box76
\pgfnodepartsixteenbox=\box77
\pgfnodepartfifteenbox=\box78
\pgfnodepartfourteenbox=\box79
\pgfnodepartthirteenbox=\box80
\pgfnodeparttwelvebox=\box81
\pgfnodepartelevenbox=\box82
\pgfnodeparttenbox=\box83
\pgfnodepartninebox=\box84
\pgfnodeparteightbox=\box85
\pgfnodepartsevenbox=\box86
\pgfnodepartsixbox=\box87
\pgfnodepartfivebox=\box88
)))
(/usr/local/texlive/2021/texmf-dist/tex/generic/pgf/frontendlayer/tikz/librarie
s/tikzlibraryautomata.code.tex
File: tikzlibraryautomata.code.tex 2020/12/27 v3.1.8b (3.1.8b)
)
(/usr/local/texlive/2021/texmf-dist/tex/generic/pgf/frontendlayer/tikz/librarie
s/tikzlibrarypositioning.code.tex
File: tikzlibrarypositioning.code.tex 2020/12/27 v3.1.8b (3.1.8b)
)
(/usr/local/texlive/2021/texmf-dist/tex/latex/base/fixltx2e.sty
Package: fixltx2e 2016/12/29 v2.1a fixes to LaTeX (obsolete)
Applying: [2015/01/01] Old fixltx2e package on input line 46.


Package fixltx2e Warning: fixltx2e is not required with releases after 2015
(fixltx2e)                All fixes are now in the LaTeX kernel.
(fixltx2e)                See the latexrelease package for details.

Already applied: [0000/00/00] Old fixltx2e package on input line 53.
)
(/usr/local/texlive/2021/texmf-dist/tex/latex/threeparttable/threeparttable.sty
Package: threeparttable 2003/06/13  v 3.0
\@tempboxb=\box89
) (/usr/local/texlive/2021/texmf-dist/tex/latex/tools/multicol.sty
Package: multicol 2019/12/09 v1.8y multicolumn formatting (FMi)
\c@tracingmulticols=\count306
\mult@box=\box90
\multicol@leftmargin=\dimen265
\c@unbalance=\count307
\c@collectmore=\count308
\doublecol@number=\count309
\multicoltolerance=\count310
\multicolpretolerance=\count311
\full@width=\dimen266
\page@free=\dimen267
\premulticols=\dimen268
\postmulticols=\dimen269
\multicolsep=\skip63
\multicolbaselineskip=\skip64
\partial@page=\box91
\last@line=\box92
\maxbalancingoverflow=\dimen270
\mult@rightbox=\box93
\mult@grightbox=\box94
\mult@gfirstbox=\box95
\mult@firstbox=\box96
\@tempa=\box97
\@tempa=\box98
\@tempa=\box99
\@tempa=\box100
\@tempa=\box101
\@tempa=\box102
\@tempa=\box103
\@tempa=\box104
\@tempa=\box105
\@tempa=\box106
\@tempa=\box107
\@tempa=\box108
\@tempa=\box109
\@tempa=\box110
\@tempa=\box111
\@tempa=\box112
\@tempa=\box113
\@tempa=\box114
\@tempa=\box115
\@tempa=\box116
\@tempa=\box117
\@tempa=\box118
\@tempa=\box119
\@tempa=\box120
\@tempa=\box121
\@tempa=\box122
\@tempa=\box123
\@tempa=\box124
\@tempa=\box125
\@tempa=\box126
\@tempa=\box127
\@tempa=\box128
\@tempa=\box129
\@tempa=\box130
\@tempa=\box131
\@tempa=\box132
\@tempa=\box133
\c@minrows=\count312
\c@columnbadness=\count313
\c@finalcolumnbadness=\count314
\last@try=\dimen271
\multicolovershoot=\dimen272
\multicolundershoot=\dimen273
\mult@nat@firstbox=\box134
\colbreak@box=\box135
\mc@col@check@num=\count315
)
(/usr/local/texlive/2021/texmf-dist/tex/latex/adjustbox/adjustbox.sty
Package: adjustbox 2020/08/19 v1.3 Adjusting TeX boxes (trim, clip, ...)

(/usr/local/texlive/2021/texmf-dist/tex/latex/xkeyval/xkeyval.sty
Package: xkeyval 2020/11/20 v2.8 package option processing (HA)

(/usr/local/texlive/2021/texmf-dist/tex/generic/xkeyval/xkeyval.tex
(/usr/local/texlive/2021/texmf-dist/tex/generic/xkeyval/xkvutils.tex
\XKV@toks=\toks37
\XKV@tempa@toks=\toks38
)
\XKV@depth=\count316
File: xkeyval.tex 2014/12/03 v2.7a key=value parser (HA)
))
(/usr/local/texlive/2021/texmf-dist/tex/latex/adjustbox/adjcalc.sty
Package: adjcalc 2012/05/16 v1.1 Provides advanced setlength with multiple back
-ends (calc, etex, pgfmath)
)
(/usr/local/texlive/2021/texmf-dist/tex/latex/adjustbox/trimclip.sty
Package: trimclip 2020/08/19 v1.2 Trim and clip general TeX material

(/usr/local/texlive/2021/texmf-dist/tex/latex/collectbox/collectbox.sty
Package: collectbox 2012/05/17 v0.4b Collect macro arguments as boxes
\collectedbox=\box136
)
\tc@llx=\dimen274
\tc@lly=\dimen275
\tc@urx=\dimen276
\tc@ury=\dimen277
Package trimclip Info: Using driver 'tc-pdftex.def'.

(/usr/local/texlive/2021/texmf-dist/tex/latex/adjustbox/tc-pdftex.def
File: tc-pdftex.def 2019/01/04 v2.2 Clipping driver for pdftex
))
\adjbox@Width=\dimen278
\adjbox@Height=\dimen279
\adjbox@Depth=\dimen280
\adjbox@Totalheight=\dimen281
\adjbox@pwidth=\dimen282
\adjbox@pheight=\dimen283
\adjbox@pdepth=\dimen284
\adjbox@ptotalheight=\dimen285

(/usr/local/texlive/2021/texmf-dist/tex/latex/ifoddpage/ifoddpage.sty
Package: ifoddpage 2016/04/23 v1.1 Conditionals for odd/even page detection
\c@checkoddpage=\count317
)
(/usr/local/texlive/2021/texmf-dist/tex/latex/varwidth/varwidth.sty
Package: varwidth 2009/03/30 ver 0.92;  Variable-width minipages
\@vwid@box=\box137
\sift@deathcycles=\count318
\@vwid@loff=\dimen286
\@vwid@roff=\dimen287
))
(/usr/local/texlive/2021/texmf-dist/tex/latex/rotfloat/rotfloat.sty
Package: rotfloat 2004/01/04 v1.2 Combining float+rotating package (AS)

(/usr/local/texlive/2021/texmf-dist/tex/latex/float/float.sty
Package: float 2001/11/08 v1.3d Float enhancements (AL)
\c@float@type=\count319
\float@exts=\toks39
\float@box=\box138
\@float@everytoks=\toks40
\@floatcapt=\box139
)
Package rotfloat Info: float package v1.3 detected on input line 74.
)
(/usr/local/texlive/2021/texmf-dist/tex/latex/tools/array.sty
Package: array 2020/10/01 v2.5c Tabular extension package (FMi)
\col@sep=\dimen288
\ar@mcellbox=\box140
\extrarowheight=\dimen289
\NC@list=\toks41
\extratabsurround=\skip65
\backup@length=\skip66
\ar@cellbox=\box141
)
(/usr/local/texlive/2021/texmf-dist/tex/latex/setspace/setspace.sty
Package: setspace 2011/12/19 v6.7a set line spacing
)
(/usr/local/texlive/2021/texmf-dist/tex/latex/booktabs/booktabs.sty
Package: booktabs 2020/01/12 v1.61803398 Publication quality tables
\heavyrulewidth=\dimen290
\lightrulewidth=\dimen291
\cmidrulewidth=\dimen292
\belowrulesep=\dimen293
\belowbottomsep=\dimen294
\aboverulesep=\dimen295
\abovetopsep=\dimen296
\cmidrulesep=\dimen297
\cmidrulekern=\dimen298
\defaultaddspace=\dimen299
\@cmidla=\count320
\@cmidlb=\count321
\@aboverulesep=\dimen300
\@belowrulesep=\dimen301
\@thisruleclass=\count322
\@lastruleclass=\count323
\@thisrulewidth=\dimen302
)
(/usr/local/texlive/2021/texmf-dist/tex/latex/csquotes/csquotes.sty
Package: csquotes 2021-02-22 v5.2l context-sensitive quotations (JAW)

(/usr/local/texlive/2021/texmf-dist/tex/latex/etoolbox/etoolbox.sty
Package: etoolbox 2020/10/05 v2.5k e-TeX tools for LaTeX (JAW)
\etb@tempcnta=\count324
)
\csq@reset=\count325
\csq@gtype=\count326
\csq@glevel=\count327
\csq@qlevel=\count328
\csq@maxlvl=\count329
\csq@tshold=\count330
\csq@ltx@everypar=\toks42

(/usr/local/texlive/2021/texmf-dist/tex/latex/csquotes/csquotes.def
File: csquotes.def 2021-02-22 v5.2l csquotes generic definitions (JAW)
)
Package csquotes Info: Trying to load configuration file 'csquotes.cfg'...
Package csquotes Info: ... configuration file loaded successfully.

(/usr/local/texlive/2021/texmf-dist/tex/latex/csquotes/csquotes.cfg
File: csquotes.cfg 
)
Package csquotes Info: Enabling multilingual quotes.
)
(/usr/local/texlive/2021/texmf-dist/tex/latex/lm/lmodern.sty
Package: lmodern 2015/05/01 v1.6.1 Latin Modern Fonts
LaTeX Font Info:    Overwriting symbol font `operators' in version `normal'
(Font)                  OT1/cmr/m/n --> OT1/lmr/m/n on input line 22.
LaTeX Font Info:    Overwriting symbol font `letters' in version `normal'
(Font)                  OML/cmm/m/it --> OML/lmm/m/it on input line 23.
LaTeX Font Info:    Overwriting symbol font `symbols' in version `normal'
(Font)                  OMS/cmsy/m/n --> OMS/lmsy/m/n on input line 24.
LaTeX Font Info:    Overwriting symbol font `largesymbols' in version `normal'
(Font)                  OMX/cmex/m/n --> OMX/lmex/m/n on input line 25.
LaTeX Font Info:    Overwriting symbol font `operators' in version `bold'
(Font)                  OT1/cmr/bx/n --> OT1/lmr/bx/n on input line 26.
LaTeX Font Info:    Overwriting symbol font `letters' in version `bold'
(Font)                  OML/cmm/b/it --> OML/lmm/b/it on input line 27.
LaTeX Font Info:    Overwriting symbol font `symbols' in version `bold'
(Font)                  OMS/cmsy/b/n --> OMS/lmsy/b/n on input line 28.
LaTeX Font Info:    Overwriting symbol font `largesymbols' in version `bold'
(Font)                  OMX/cmex/m/n --> OMX/lmex/m/n on input line 29.
LaTeX Font Info:    Overwriting math alphabet `\mathbf' in version `normal'
(Font)                  OT1/cmr/bx/n --> OT1/lmr/bx/n on input line 31.
LaTeX Font Info:    Overwriting math alphabet `\mathsf' in version `normal'
(Font)                  OT1/cmss/m/n --> OT1/lmss/m/n on input line 32.
LaTeX Font Info:    Overwriting math alphabet `\mathit' in version `normal'
(Font)                  OT1/cmr/m/it --> OT1/lmr/m/it on input line 33.
LaTeX Font Info:    Overwriting math alphabet `\mathtt' in version `normal'
(Font)                  OT1/cmtt/m/n --> OT1/lmtt/m/n on input line 34.
LaTeX Font Info:    Overwriting math alphabet `\mathbf' in version `bold'
(Font)                  OT1/cmr/bx/n --> OT1/lmr/bx/n on input line 35.
LaTeX Font Info:    Overwriting math alphabet `\mathsf' in version `bold'
(Font)                  OT1/cmss/bx/n --> OT1/lmss/bx/n on input line 36.
LaTeX Font Info:    Overwriting math alphabet `\mathit' in version `bold'
(Font)                  OT1/cmr/bx/it --> OT1/lmr/bx/it on input line 37.
LaTeX Font Info:    Overwriting math alphabet `\mathtt' in version `bold'
(Font)                  OT1/cmtt/m/n --> OT1/lmtt/m/n on input line 38.
)
(/usr/local/texlive/2021/texmf-dist/tex/latex/amsmath/amsmath.sty
Package: amsmath 2020/09/23 v2.17i AMS math features
\@mathmargin=\skip67

For additional information on amsmath, use the `?' option.
(/usr/local/texlive/2021/texmf-dist/tex/latex/amsmath/amstext.sty
Package: amstext 2000/06/29 v2.01 AMS text

(/usr/local/texlive/2021/texmf-dist/tex/latex/amsmath/amsgen.sty
File: amsgen.sty 1999/11/30 v2.0 generic functions
\@emptytoks=\toks43
\ex@=\dimen303
))
(/usr/local/texlive/2021/texmf-dist/tex/latex/amsmath/amsbsy.sty
Package: amsbsy 1999/11/29 v1.2d Bold Symbols
LaTeX Info: Redefining \boldsymbol on input line 28.
\pmbraise@=\dimen304
)
(/usr/local/texlive/2021/texmf-dist/tex/latex/amsmath/amsopn.sty
Package: amsopn 2016/03/08 v2.02 operator names
)
\inf@bad=\count331
LaTeX Info: Redefining \frac on input line 234.
\uproot@=\count332
\leftroot@=\count333
LaTeX Info: Redefining \overline on input line 399.
\classnum@=\count334
\DOTSCASE@=\count335
LaTeX Info: Redefining \ldots on input line 496.
LaTeX Info: Redefining \dots on input line 499.
LaTeX Info: Redefining \cdots on input line 620.
\Mathstrutbox@=\box142
\strutbox@=\box143
\big@size=\dimen305
LaTeX Font Info:    Redeclaring font encoding OML on input line 743.
LaTeX Font Info:    Redeclaring font encoding OMS on input line 744.
\macc@depth=\count336
\c@MaxMatrixCols=\count337
\dotsspace@=\muskip17
\c@parentequation=\count338
\dspbrk@lvl=\count339
\tag@help=\toks44
\row@=\count340
\column@=\count341
\maxfields@=\count342
\andhelp@=\toks45
\eqnshift@=\dimen306
\alignsep@=\dimen307
\tagshift@=\dimen308
\tagwidth@=\dimen309
\totwidth@=\dimen310
\lineht@=\dimen311
\@envbody=\toks46
\multlinegap=\skip68
\multlinetaggap=\skip69
\mathdisplay@stack=\toks47
LaTeX Info: Redefining \[ on input line 2923.
LaTeX Info: Redefining \] on input line 2924.
)
(/usr/local/texlive/2021/texmf-dist/tex/latex/amsfonts/amssymb.sty
Package: amssymb 2013/01/14 v3.01 AMS font symbols

(/usr/local/texlive/2021/texmf-dist/tex/latex/amsfonts/amsfonts.sty
Package: amsfonts 2013/01/14 v3.01 Basic AMSFonts support
\symAMSa=\mathgroup9
\symAMSb=\mathgroup10
LaTeX Font Info:    Redeclaring math symbol \hbar on input line 98.
LaTeX Font Info:    Overwriting math alphabet `\mathfrak' in version `bold'
(Font)                  U/euf/m/n --> U/euf/b/n on input line 106.
))
(/usr/local/texlive/2021/texmf-dist/tex/latex/tcolorbox/tcolorbox.sty
Package: tcolorbox 2020/10/09 version 4.42 text color boxes

(/usr/local/texlive/2021/texmf-dist/tex/latex/environ/environ.sty
Package: environ 2014/05/04 v0.3 A new way to define environments

(/usr/local/texlive/2021/texmf-dist/tex/latex/trimspaces/trimspaces.sty
Package: trimspaces 2009/09/17 v1.1 Trim spaces around a token list
))
\tcb@titlebox=\box144
\tcb@upperbox=\box145
\tcb@lowerbox=\box146
\tcb@phantombox=\box147
\c@tcbbreakpart=\count343
\c@tcblayer=\count344
\c@tcolorbox@number=\count345
\tcb@temp=\box148
\tcb@temp=\box149
\tcb@temp=\box150
\tcb@temp=\box151
\tcb@out=\write4
\tcb@record@out=\write5
)
(/usr/local/texlive/2021/texmf-dist/tex/latex/mathtools/mathtools.sty
Package: mathtools 2021/03/18 v1.25 mathematical typesetting tools

(/usr/local/texlive/2021/texmf-dist/tex/latex/mathtools/mhsetup.sty
Package: mhsetup 2021/03/18 v1.4 programming setup (MH)
)
LaTeX Info: Thecontrolsequence`\('isalreadyrobust on input line 130.
LaTeX Info: Thecontrolsequence`\)'isalreadyrobust on input line 130.
LaTeX Info: Thecontrolsequence`\['isalreadyrobust on input line 130.
LaTeX Info: Thecontrolsequence`\]'isalreadyrobust on input line 130.
\g_MT_multlinerow_int=\count346
\l_MT_multwidth_dim=\dimen312
\origjot=\skip70
\l_MT_shortvdotswithinadjustabove_dim=\dimen313
\l_MT_shortvdotswithinadjustbelow_dim=\dimen314
\l_MT_above_intertext_sep=\dimen315
\l_MT_below_intertext_sep=\dimen316
\l_MT_above_shortintertext_sep=\dimen317
\l_MT_below_shortintertext_sep=\dimen318
\xmathstrut@box=\box152
\xmathstrut@dim=\dimen319
)
(/usr/local/texlive/2021/texmf-dist/tex/latex/hyphenat/hyphenat.sty
Package: hyphenat 2009/09/02 v2.3c hyphenation utilities
\langwohyphens=\language87
LaTeX Info: Redefining \_ on input line 43.
)
(/usr/local/texlive/2021/texmf-dist/tex/latex/tools/indentfirst.sty
Package: indentfirst 1995/11/23 v1.03 Indent first paragraph (DPC)
)
(/usr/local/texlive/2021/texmf-dist/tex/latex/caption/caption.sty
Package: caption 2020/10/26 v3.5g Customizing captions (AR)

(/usr/local/texlive/2021/texmf-dist/tex/latex/caption/caption3.sty
Package: caption3 2020/10/21 v2.2e caption3 kernel (AR)
\captionmargin=\dimen320
\captionmargin@=\dimen321
\captionwidth=\dimen322
\caption@tempdima=\dimen323
\caption@indent=\dimen324
\caption@parindent=\dimen325
\caption@hangindent=\dimen326
Package caption Info: Unknown document class (or package),
(caption)             standard defaults will be used.
Package caption Info: \@makecaption = \long macro:#1#2->\par \ifdim \prevdepth 
>-\p@ \vskip 10\p@ \relax \fi \setbox \@tempboxa \hbox {\vbox to\topskip {}#1: 
#2\unskip \strut }\ifdim \wd \@tempboxa >\hsize {\ssp #1: #2\unskip \strut \par
 } \else \hbox to\hsize {\hfil \unhbox \@tempboxa \hfil }\fi  on input line 113
9.
)

Package caption Warning: Unknown document class (or package),
(caption)                standard defaults will be used.
See the caption package documentation for explanation.

\c@caption@flags=\count347
\c@continuedfloat=\count348
Package caption Info: float package is loaded.
Package caption Info: hyperref package is loaded.
Package caption Info: listings package is loaded.
Package caption Info: longtable package is loaded.
(/usr/local/texlive/2021/texmf-dist/tex/latex/caption/ltcaption.sty
Package: ltcaption 2020/05/30 v1.4b longtable captions (AR)
)
Package caption Info: rotating package is loaded.
Package caption Info: threeparttable package is loaded.
)
(/usr/local/texlive/2021/texmf-dist/tex/latex/psnfss/times.sty
Package: times 2020/03/25 PSNFSS-v9.3 (SPQR) 
)
(/usr/local/texlive/2021/texmf-dist/tex/latex/grffile/grffile.sty
Package: grffile 2019/11/11 v2.1 Extended file name support for graphics (legac
y)
Package grffile Info: This package is an empty stub for compatibility on input 
line 40.
)
(/usr/local/texlive/2021/texmf-dist/tex/latex/ragged2e/ragged2e.sty
Package: ragged2e 2021/02/05 v3.0 ragged2e Package

(/usr/local/texlive/2021/texmf-dist/tex/latex/everysel/everysel.sty
Package: everysel 2021/01/20 v2.1 EverySelectfont Package (MS)

(/usr/local/texlive/2021/texmf-dist/tex/latex/everysel/everysel-2011-10-28.sty)
)
\CenteringLeftskip=\skip71
\RaggedLeftLeftskip=\skip72
\RaggedRightLeftskip=\skip73
\CenteringRightskip=\skip74
\RaggedLeftRightskip=\skip75
\RaggedRightRightskip=\skip76
\CenteringParfillskip=\skip77
\RaggedLeftParfillskip=\skip78
\RaggedRightParfillskip=\skip79
\JustifyingParfillskip=\skip80
\CenteringParindent=\skip81
\RaggedLeftParindent=\skip82
\RaggedRightParindent=\skip83
\JustifyingParindent=\skip84
)
\@input{com.aux}
\openout2 = `com.aux'.

No file com.tex.
Package csquotes Info: Checking for multilingual support...
Package csquotes Info: ... none found.

Package csquotes Warning: No multilingual support.
(csquotes)                Cannot enable multilingual quotes on input line 79.

LaTeX Font Info:    Trying to load font information for OT1+ptm on input line 7
9.
(/usr/local/texlive/2021/texmf-dist/tex/latex/psnfss/ot1ptm.fd
File: ot1ptm.fd 2001/06/04 font definitions for OT1/ptm.
)
(/usr/local/texlive/2021/texmf-dist/tex/latex/l3backend/l3backend-pdftex.def
File: l3backend-pdftex.def 2021-03-18 L3 backend support: PDF output (pdfTeX)
\l__color_backend_stack_int=\count349
\l__pdf_internal_box=\box153
)
(./PhD_00_Thesis.aux (./PhD_01_TitlePage.aux) (./Contributions.aux)
(./PhD_02_Abstract.aux) (./PhD_04_Acknowledgements.aux) (./PhD_05_TOC.aux)
(./PhD_Chapter2.aux) (./PhD_Chapter3.aux) (./PhD_Chapter4.aux)
(./PhD_Chapter5.aux) (./PhD_Chapter6.aux

LaTeX Warning: Label `sec:intro1' multiply defined.

) (./PhD_Appendix.aux))
\openout1 = `PhD_00_Thesis.aux'.

LaTeX Font Info:    Checking defaults for OML/cmm/m/it on input line 79.
LaTeX Font Info:    ... okay on input line 79.
LaTeX Font Info:    Checking defaults for OMS/cmsy/m/n on input line 79.
LaTeX Font Info:    ... okay on input line 79.
LaTeX Font Info:    Checking defaults for OT1/cmr/m/n on input line 79.
LaTeX Font Info:    ... okay on input line 79.
LaTeX Font Info:    Checking defaults for T1/cmr/m/n on input line 79.
LaTeX Font Info:    ... okay on input line 79.
LaTeX Font Info:    Checking defaults for TS1/cmr/m/n on input line 79.
LaTeX Font Info:    ... okay on input line 79.
LaTeX Font Info:    Checking defaults for OMX/cmex/m/n on input line 79.
LaTeX Font Info:    ... okay on input line 79.
LaTeX Font Info:    Checking defaults for U/cmr/m/n on input line 79.
LaTeX Font Info:    ... okay on input line 79.
LaTeX Font Info:    Checking defaults for PD1/pdf/m/n on input line 79.
LaTeX Font Info:    ... okay on input line 79.
LaTeX Font Info:    Checking defaults for PU/pdf/m/n on input line 79.
LaTeX Font Info:    ... okay on input line 79.

(/usr/local/texlive/2021/texmf-dist/tex/context/base/mkii/supp-pdf.mkii
[Loading MPS to PDF converter (version 2006.09.02).]
\scratchcounter=\count350
\scratchdimen=\dimen327
\scratchbox=\box154
\nofMPsegments=\count351
\nofMParguments=\count352
\everyMPshowfont=\toks48
\MPscratchCnt=\count353
\MPscratchDim=\dimen328
\MPnumerator=\count354
\makeMPintoPDFobject=\count355
\everyMPtoPDFconversion=\toks49
) (/usr/local/texlive/2021/texmf-dist/tex/latex/epstopdf-pkg/epstopdf-base.sty
Package: epstopdf-base 2020-01-24 v2.11 Base part for package epstopdf
Package epstopdf-base Info: Redefining graphics rule for `.eps' on input line 4
85.

(/usr/local/texlive/2021/texmf-dist/tex/latex/latexconfig/epstopdf-sys.cfg
File: epstopdf-sys.cfg 2010/07/13 v1.3 Configuration of (r)epstopdf for TeX Liv
e
))
Configuring pdfsync
\PDFSYNC@ut=\write6
\openout6 = `PhD_00_Thesis.pdfsync'.

\PDFSYNCf@li@=\count356
\PDFSYNC@rder=\count357
**** pdfsync.sty: Synchronizing at \everypar
\PDFSYNCeveryp@r=\toks50
**** pdfsync.sty: Synchronizing at \everymath
\PDFSYNCeverym@th=\toks51
**** pdfsync.sty: Synchronizing at \everyhbox
\PDFSYNCeveryhb@x=\toks52
**** pdfsync.sty: Synchronizing at \everyvbox
\PDFSYNCeveryvb@x=\toks53
**** pdfsync.sty: started

(/usr/local/texlive/2021/texmf-dist/tex/latex/pdflscape/pdflscape.sty
Package: pdflscape 2019/12/05 v0.12 Display of landscape pages in PDF (HO)
Package pdflscape Info: Auto-detected driver: pdftex on input line 81.
)
Package hyperref Info: Link coloring OFF on input line 79.

(/usr/local/texlive/2021/texmf-dist/tex/latex/hyperref/nameref.sty
Package: nameref 2021-04-02 v2.47 Cross-referencing by name of section

(/usr/local/texlive/2021/texmf-dist/tex/latex/refcount/refcount.sty
Package: refcount 2019/12/15 v3.6 Data extraction from label references (HO)
)
(/usr/local/texlive/2021/texmf-dist/tex/generic/gettitlestring/gettitlestring.s
ty
Package: gettitlestring 2019/12/15 v1.6 Cleanup title references (HO)
)
\c@section@level=\count358
)
LaTeX Info: Redefining \ref on input line 79.
LaTeX Info: Redefining \pageref on input line 79.
LaTeX Info: Redefining \nameref on input line 79.
 (./PhD_00_Thesis.out) (./PhD_00_Thesis.out)
\@outlinefile=\write7
\openout7 = `PhD_00_Thesis.out'.

\c@lstlisting=\count359
Package caption Info: Begin \AtBeginDocument code.
Package caption Info: End \AtBeginDocument code.

ABD: EverySelectfont initializing macros
LaTeX Info: Redefining \selectfont on input line 79.

(/usr/local/texlive/2021/texmf-dist/tex/latex/listings/lstlang1.sty
File: lstlang1.sty 2020/03/24 1.8d listings language file
)
(/usr/local/texlive/2021/texmf-dist/tex/latex/listings/lstmisc.sty
File: lstmisc.sty 2020/03/24 1.8d (Carsten Heinz)
)
\openout2 = `PhD_01_TitlePage.aux'.


(./PhD_01_TitlePage.tex)
LaTeX Font Info:    Trying to load font information for TS1+ptm on input line 8
3.

(/usr/local/texlive/2021/texmf-dist/tex/latex/psnfss/ts1ptm.fd
File: ts1ptm.fd 2001/06/04 font definitions for TS1/ptm.
) [1





{/usr/local/texlive/2021/texmf-var/fonts/map/pdftex/updmap/pdftex.map}]
\openout2 = `Contributions.aux'.


No file Contributions.tex.
\openout2 = `PhD_02_Abstract.aux'.

(./PhD_02_Abstract.tex
LaTeX Font Info:    Trying to load font information for OT1+pcr on input line 1
6.

(/usr/local/texlive/2021/texmf-dist/tex/latex/psnfss/ot1pcr.fd
File: ot1pcr.fd 2001/06/04 font definitions for OT1/pcr.
) [2






] [3])
\openout2 = `PhD_04_Acknowledgements.aux'.


(./PhD_04_Acknowledgements.tex [4



])
\openout2 = `PhD_05_TOC.aux'.

 (./PhD_05_TOC.tex (./PhD_00_Thesis.toc
LaTeX Font Info:    Trying to load font information for OT1+lmr on input line 6
.

(/usr/local/texlive/2021/texmf-dist/tex/latex/lm/ot1lmr.fd
File: ot1lmr.fd 2015/05/01 v1.6.1 Font defs for Latin Modern
)
LaTeX Font Info:    Trying to load font information for OML+lmm on input line 6
.

(/usr/local/texlive/2021/texmf-dist/tex/latex/lm/omllmm.fd
File: omllmm.fd 2015/05/01 v1.6.1 Font defs for Latin Modern
)
LaTeX Font Info:    Trying to load font information for OMS+lmsy on input line 
6.

(/usr/local/texlive/2021/texmf-dist/tex/latex/lm/omslmsy.fd
File: omslmsy.fd 2015/05/01 v1.6.1 Font defs for Latin Modern
)
LaTeX Font Info:    Trying to load font information for OMX+lmex on input line 
6.

(/usr/local/texlive/2021/texmf-dist/tex/latex/lm/omxlmex.fd
File: omxlmex.fd 2015/05/01 v1.6.1 Font defs for Latin Modern
)
LaTeX Font Info:    External font `lmex10' loaded for size
(Font)              <12> on input line 6.
LaTeX Font Info:    External font `lmex10' loaded for size
(Font)              <8> on input line 6.
LaTeX Font Info:    External font `lmex10' loaded for size
(Font)              <6> on input line 6.
LaTeX Font Info:    Trying to load font information for U+lasy on input line 6.


(/usr/local/texlive/2021/texmf-dist/tex/latex/base/ulasy.fd
File: ulasy.fd 1998/08/17 v2.2e LaTeX symbol font definitions
)
LaTeX Font Info:    Font shape `U/lasy/b/n' in size <8> not available
(Font)              Font shape `U/lasy/m/n' tried instead on input line 6.
LaTeX Font Info:    Font shape `U/lasy/b/n' in size <6> not available
(Font)              Font shape `U/lasy/m/n' tried instead on input line 6.
LaTeX Font Info:    Trying to load font information for U+msa on input line 6.

(/usr/local/texlive/2021/texmf-dist/tex/latex/amsfonts/umsa.fd
File: umsa.fd 2013/01/14 v3.01 AMS symbols A
)
LaTeX Font Info:    Trying to load font information for U+msb on input line 6.

(/usr/local/texlive/2021/texmf-dist/tex/latex/amsfonts/umsb.fd
File: umsb.fd 2013/01/14 v3.01 AMS symbols B
) [5




] [6]
Overfull \hbox (0.30804pt too wide) in paragraph at lines 82--82
 [][][][] [][]\OT1/ptm/m/n/12 Critically Eval-u-at-ing the Con-cept of the DNA 
Bar-code Gap in Con-ser-va-tion 
 []

)
\tf@toc=\write8
\openout8 = `PhD_00_Thesis.toc'.

 [7] (./PhD_00_Thesis.lot
Overfull \hbox (6.69276pt too wide) in paragraph at lines 12--12
 [][][][] [][]\OT1/ptm/m/n/12 Coverage prob-a-bil-i-ties and 95% con-fi-dence i
n-ter-vals for hy-po-thet-i-cal species 
 []


Overfull \hbox (13.16248pt too wide) in paragraph at lines 15--15
 \OT1/ptm/m/n/12 ``known un-knowns", "un-known knowns" and ``un-known un-knowns
" dis-cussed 
 []

)
\tf@lot=\write9
\openout9 = `PhD_00_Thesis.lot'.

 [8

] (./PhD_00_Thesis.lof [9

])
\tf@lof=\write10
\openout10 = `PhD_00_Thesis.lof'.

) [10] (./PhD_Chapter1.tex
Chapter 1.
[1



] [2] [3] [4] [5]
Missing character: There is no  in font ptmr7t!
Missing character: There is no  in font ptmr7t!
Missing character: There is no  in font ptmr7t!
 [6]
Missing character: There is no  in font ptmr7t!
Missing character: There is no  in font ptmr7t!
Missing character: There is no  in font ptmr7t!
Missing character: There is no  in font ptmr7t!
Missing character: There is no  in font ptmr7t!
Missing character: There is no  in font ptmr7t!
 [7] [8] [9]) [10]
\openout2 = `PhD_Chapter2.aux'.

 (./PhD_Chapter2.tex
Chapter 2.
[11



] [12] [13] [14] [15] [16] [17] [18] [19] [20] [21] [22]
Missing character: There is no  in font ptmr7t!
Missing character: There is no  in font ptmr7t!
Missing character: There is no  in font ptmr7t!
 [23] [24] [25]
[26] [27] [28] [29] [30] [31] [32] [33] [34] [35] [36] [37] [38]) [39]
\openout2 = `PhD_Chapter3.aux'.


(./PhD_Chapter3.tex
Chapter 3.

Package hyperref Warning: Token not allowed in a PDF string (Unicode):
(hyperref)                removing `\\' on input line 3.

[40





] [41] [42] [43] [44] [45]
<Figure 1.png, id=1027, 34.14331pt x 34.14331pt>
File: Figure 1.png Graphic file (type png)
<use Figure 1.png>
Package pdftex.def Info: Figure 1.png  used on input line 71.
(pdftex.def)             Requested size: 346.89731pt x 347.0821pt.
 [46] [47 <./Figure 1.png>] [48] [49]
LaTeX Font Info:    Trying to load font information for OT1+lmtt on input line 
113.

(/usr/local/texlive/2021/texmf-dist/tex/latex/lm/ot1lmtt.fd
File: ot1lmtt.fd 2015/05/01 v1.6.1 Font defs for Latin Modern
) [50

] [51

] [52]
[53]
<Figure 2.png, id=1095, 60.00371pt x 34.14331pt>
File: Figure 2.png Graphic file (type png)
<use Figure 2.png>
Package pdftex.def Info: Figure 2.png  used on input line 160.
(pdftex.def)             Requested size: 346.89731pt x 197.4029pt.
 [54 <./Figure 2.png>]
<Figure 3.png, id=1103, 154.18233pt x 61.90056pt>
File: Figure 3.png Graphic file (type png)
<use Figure 3.png>
Package pdftex.def Info: Figure 3.png  used on input line 175.
(pdftex.def)             Requested size: 346.89731pt x 139.29382pt.
 [55] [56 <./Figure 3.png>]
<Figure 4.png, id=1117, 115.64464pt x 86.71768pt>
File: Figure 4.png Graphic file (type png)
<use Figure 4.png>
Package pdftex.def Info: Figure 4.png  used on input line 210.
(pdftex.def)             Requested size: 346.89731pt x 260.16827pt.
 [57] [58 <./Figure 4.png>] [59] [60] [61]
<Figure 5.png, id=1148, 151.77965pt x 86.71768pt>
File: Figure 5.png Graphic file (type png)
<use Figure 5.png>
Package pdftex.def Info: Figure 5.png  used on input line 260.
(pdftex.def)             Requested size: 346.89731pt x 198.2331pt.
LaTeX Font Info:    Trying to load font information for TS1+pcr on input line 2
69.
 (/usr/local/texlive/2021/texmf-dist/tex/latex/psnfss/ts1pcr.fd
File: ts1pcr.fd 2001/06/04 font definitions for TS1/pcr.
) [62 <./Figure 5.png>] [63]
<Figure 6.png, id=1161, 151.77965pt x 86.71768pt>
File: Figure 6.png Graphic file (type png)
<use Figure 6.png>
Package pdftex.def Info: Figure 6.png  used on input line 403.
(pdftex.def)             Requested size: 346.89731pt x 198.2331pt.
 [64]
<Figure 7.png, id=1167, 151.77965pt x 86.71768pt>
File: Figure 7.png Graphic file (type png)
<use Figure 7.png>
Package pdftex.def Info: Figure 7.png  used on input line 415.
(pdftex.def)             Requested size: 346.89731pt x 198.2331pt.
 [65 <./Figure 6.png> <./Figure 7.png>]
[66] [67]
<Figure 9.png, id=1200, 151.77965pt x 86.71768pt>
File: Figure 9.png Graphic file (type png)
<use Figure 9.png>
Package pdftex.def Info: Figure 9.png  used on input line 463.
(pdftex.def)             Requested size: 346.89731pt x 198.2331pt.
 [68]
<Figure 10.png, id=1205, 151.77965pt x 86.71768pt>
File: Figure 10.png Graphic file (type png)
<use Figure 10.png>
Package pdftex.def Info: Figure 10.png  used on input line 477.
(pdftex.def)             Requested size: 346.89731pt x 198.2331pt.
 [69 <./Figure 9.png> <./Figure 10.png>] [70]
<Figure 12.png, id=1225, 151.77965pt x 86.71768pt>
File: Figure 12.png Graphic file (type png)
<use Figure 12.png>
Package pdftex.def Info: Figure 12.png  used on input line 507.
(pdftex.def)             Requested size: 346.89731pt x 198.2331pt.
 [71]
<Figure 13.png, id=1230, 151.77965pt x 86.71768pt>
File: Figure 13.png Graphic file (type png)
<use Figure 13.png>
Package pdftex.def Info: Figure 13.png  used on input line 521.
(pdftex.def)             Requested size: 346.89731pt x 198.2331pt.
 [72 <./Figure 12.png> <./Figure 13.png>] [73]
<Figure 15.png, id=1246, 151.77965pt x 86.71768pt>
File: Figure 15.png Graphic file (type png)
<use Figure 15.png>
Package pdftex.def Info: Figure 15.png  used on input line 550.
(pdftex.def)             Requested size: 346.89731pt x 198.2331pt.
 [74 <./Figure 15.png>]
<Figure 16.png, id=1252, 151.77965pt x 86.71768pt>
File: Figure 16.png Graphic file (type png)
<use Figure 16.png>
Package pdftex.def Info: Figure 16.png  used on input line 563.
(pdftex.def)             Requested size: 346.89731pt x 198.2331pt.
 [75 <./Figure 16.png>])
[76]
\openout2 = `PhD_Chapter4.aux'.

 (./PhD_Chapter4.tex
Chapter 4.
[77





] [78]
Missing character: There is no  in font ptmr7t!
Missing character: There is no  in font ptmr7t!
Missing character: There is no  in font ptmr7t!
Missing character: There is no  in font ptmr7t!
Missing character: There is no  in font ptmr7t!
Missing character: There is no  in font ptmr7t!
 [79] [80] [81] [82] [83]

Package hyperref Warning: Token not allowed in a PDF string (Unicode):
(hyperref)                removing `\\' on input line 73.

[84] [85]
Missing character: There is no  in font ptmr7t!
Missing character: There is no  in font ptmr7t!
 [86] [87] [88] [89] [90] [91] [92] [93] [94] [95] [96] [97] [98]
[99] [100] [101] [102]
<Fig. 4.png, id=1423, 702.625pt x 501.875pt>
File: Fig. 4.png Graphic file (type png)
<use Fig. 4.png>
Package pdftex.def Info: Fig. 4.png  used on input line 256.
(pdftex.def)             Requested size: 346.89731pt x 247.78944pt.
<Fig. 5.png, id=1424, 702.625pt x 501.875pt>
File: Fig. 5.png Graphic file (type png)
<use Fig. 5.png>
Package pdftex.def Info: Fig. 5.png  used on input line 270.
(pdftex.def)             Requested size: 346.89731pt x 247.78944pt.
<Fig. 6.png, id=1425, 702.625pt x 501.875pt>
File: Fig. 6.png Graphic file (type png)
<use Fig. 6.png>
Package pdftex.def Info: Fig. 6.png  used on input line 284.
(pdftex.def)             Requested size: 346.89731pt x 247.78944pt.
 [103 <./Fig. 4.png> <./Fig. 5.png>]
<Fig. 8.png, id=1432, 702.625pt x 501.875pt>
File: Fig. 8.png Graphic file (type png)
<use Fig. 8.png>
Package pdftex.def Info: Fig. 8.png  used on input line 296.
(pdftex.def)             Requested size: 346.89731pt x 247.78944pt.
<Fig. 9.png, id=1433, 702.625pt x 501.875pt>
File: Fig. 9.png Graphic file (type png)
<use Fig. 9.png>
Package pdftex.def Info: Fig. 9.png  used on input line 309.
(pdftex.def)             Requested size: 346.89731pt x 247.78944pt.
 [104 <./Fig. 6.png> <./Fig. 8.png>]
<Fig. 10.png, id=1440, 702.625pt x 501.875pt>
File: Fig. 10.png Graphic file (type png)
<use Fig. 10.png>
Package pdftex.def Info: Fig. 10.png  used on input line 320.
(pdftex.def)             Requested size: 346.89731pt x 247.78944pt.
<Fig. 11.png, id=1441, 702.625pt x 501.875pt>
File: Fig. 11.png Graphic file (type png)
<use Fig. 11.png>
Package pdftex.def Info: Fig. 11.png  used on input line 332.
(pdftex.def)             Requested size: 346.89731pt x 247.78944pt.
 [105 <./Fig. 9.png> <./Fig. 10.png>]
<Fig. 13.png, id=1449, 702.625pt x 501.875pt>
File: Fig. 13.png Graphic file (type png)
<use Fig. 13.png>
Package pdftex.def Info: Fig. 13.png  used on input line 344.
(pdftex.def)             Requested size: 346.89731pt x 247.78944pt.
<Fig. 14.png, id=1450, 702.625pt x 501.875pt>
File: Fig. 14.png Graphic file (type png)
<use Fig. 14.png>
Package pdftex.def Info: Fig. 14.png  used on input line 357.
(pdftex.def)             Requested size: 346.89731pt x 247.78944pt.
 [106 <./Fig. 11.png> <./Fig. 13.png>]
<Fig. 15.png, id=1458, 702.625pt x 501.875pt>
File: Fig. 15.png Graphic file (type png)
<use Fig. 15.png>
Package pdftex.def Info: Fig. 15.png  used on input line 370.
(pdftex.def)             Requested size: 346.89731pt x 247.78944pt.
 [107 <./Fig. 14.png>]
<Fig. 16.png, id=1464, 702.625pt x 501.875pt>
File: Fig. 16.png Graphic file (type png)
<use Fig. 16.png>
Package pdftex.def Info: Fig. 16.png  used on input line 381.
(pdftex.def)             Requested size: 346.89731pt x 247.78944pt.
 [108 <./Fig. 15.png>]
<Fig. 17.png, id=1470, 702.625pt x 501.875pt>
File: Fig. 17.png Graphic file (type png)
<use Fig. 17.png>
Package pdftex.def Info: Fig. 17.png  used on input line 392.
(pdftex.def)             Requested size: 346.89731pt x 247.78944pt.
 [109 <./Fig. 16.png>]
<Fig. 18.png, id=1476, 702.625pt x 501.875pt>
File: Fig. 18.png Graphic file (type png)
<use Fig. 18.png>
Package pdftex.def Info: Fig. 18.png  used on input line 403.
(pdftex.def)             Requested size: 346.89731pt x 247.78944pt.

[110 <./Fig. 17.png>]
<Fig. 19.png, id=1482, 702.625pt x 501.875pt>
File: Fig. 19.png Graphic file (type png)
<use Fig. 19.png>
Package pdftex.def Info: Fig. 19.png  used on input line 414.
(pdftex.def)             Requested size: 346.89731pt x 247.78944pt.
 [111 <./Fig. 18.png>]
<Fig. 20.png, id=1489, 702.625pt x 501.875pt>
File: Fig. 20.png Graphic file (type png)
<use Fig. 20.png>
Package pdftex.def Info: Fig. 20.png  used on input line 424.
(pdftex.def)             Requested size: 346.89731pt x 247.78944pt.
 [112 <./Fig. 19.png>]
<Fig. 21.png, id=1495, 702.625pt x 501.875pt>
File: Fig. 21.png Graphic file (type png)
<use Fig. 21.png>
Package pdftex.def Info: Fig. 21.png  used on input line 434.
(pdftex.def)             Requested size: 346.89731pt x 247.78944pt.
 [113 <./Fig. 20.png>]
<Fig. 22.png, id=1501, 702.625pt x 501.875pt>
File: Fig. 22.png Graphic file (type png)
<use Fig. 22.png>
Package pdftex.def Info: Fig. 22.png  used on input line 444.
(pdftex.def)             Requested size: 346.89731pt x 247.78944pt.
 [114 <./Fig. 21.png>]
<Fig. 23.png, id=1507, 702.625pt x 501.875pt>
File: Fig. 23.png Graphic file (type png)
<use Fig. 23.png>
Package pdftex.def Info: Fig. 23.png  used on input line 454.
(pdftex.def)             Requested size: 346.89731pt x 247.78944pt.
 [115 <./Fig. 22.png>] [116 <./Fig. 23.png>]
[117

] [118

] [119] [120

] [121


] [122


] [123


])
\openout2 = `PhD_Chapter5.aux'.

 (./PhD_Chapter5.tex
Chapter 5.
[124






] [125] [126] [127] [128] [129] [130] [131] [132] [133] [134] [135]
[136] [137]

Package hyperref Warning: Token not allowed in a PDF string (Unicode):
(hyperref)                removing `\\' on input line 72.

[138] [139] [140]

Package hyperref Warning: Token not allowed in a PDF string (Unicode):
(hyperref)                removing `\\' on input line 86.

[141]

LaTeX Warning: Citation `gaytan2020dna' on page 142 undefined on input line 94.


[142] [143] [144] [145]

Package hyperref Warning: Token not allowed in a PDF string (Unicode):
(hyperref)                removing `\\' on input line 117.

[146] [147] [148] [149]

pdfTeX warning: /Library/TeX/texbin/pdflatex (file ./Figure 1.pdf): PDF inclusi
on: found PDF version <1.7>, but at most version <1.5> allowed
<Figure 1.pdf, id=1807, 526.96875pt x 376.40625pt>
File: Figure 1.pdf Graphic file (type pdf)
<use Figure 1.pdf>
Package pdftex.def Info: Figure 1.pdf  used on input line 140.
(pdftex.def)             Requested size: 346.89731pt x 247.7971pt.
[150] [151 <./Figure 1.pdf>]

pdfTeX warning: /Library/TeX/texbin/pdflatex (file ./Figure 2.pdf): PDF inclusi
on: found PDF version <1.7>, but at most version <1.5> allowed
<Figure 2.pdf, id=1829, 845.50848pt x 562.49307pt>
File: Figure 2.pdf Graphic file (type pdf)
<use Figure 2.pdf>
Package pdftex.def Info: Figure 2.pdf  used on input line 153.
(pdftex.def)             Requested size: 346.89731pt x 230.77814pt.
[152] [153 <./Figure 2.pdf>]

pdfTeX warning: /Library/TeX/texbin/pdflatex (file ./Figure 3.pdf): PDF inclusi
on: found PDF version <1.7>, but at most version <1.5> allowed
<Figure 3.pdf, id=1849, 591.71063pt x 515.67656pt>
File: Figure 3.pdf Graphic file (type pdf)
<use Figure 3.pdf>
Package pdftex.def Info: Figure 3.pdf  used on input line 167.
(pdftex.def)             Requested size: 346.89731pt x 302.3266pt.
[154] [155 <./Figure 3.pdf>]

Package hyperref Warning: Token not allowed in a PDF string (Unicode):
(hyperref)                removing `\\' on input line 178.

[156] [157] [158] [159] [160] [161] [162] [163] [164] [165] [166] [167]
[168] [169] [170] [171] [172] [173] [174] [175] [176] [177] [178

]) [179

]
\openout2 = `PhD_Chapter6.aux'.


(./PhD_Chapter6.tex
Chapter 6.
[180





] [181] [182] [183]) [184] (./PhD_00_Thesis.bbl
Underfull \hbox (badness 2351) in paragraph at lines 34--39
[][][]\OT1/ptm/m/sc/12 April, J., May-den, R. L., Han-ner, R. H., and Bernatche
z, L.
 []


Underfull \hbox (badness 1881) in paragraph at lines 41--46
\OT1/ptm/m/n/12 a com-par-i-son of phy-lo-ge-netic and sta-tis-ti-cal clas-si-f
i-ca-tion meth-ods.  \OT1/ptm/m/it/12 BMC
 []

[185





]
Underfull \hbox (badness 10000) in paragraph at lines 116--121
[][][]\OT1/ptm/m/sc/12 Brown, S. D., Collins, R. A., Boyer, S., Lefort, M.-C.,
 []

[186]
Underfull \hbox (badness 2150) in paragraph at lines 208--212
[][][]\OT1/ptm/m/sc/12 Collins, R., Boykin, L., Cruick-shank, R., and Arm-stron
g, K.
 []

[187] [188] [189]
Underfull \hbox (badness 1210) in paragraph at lines 376--380
[][][]\OT1/ptm/m/sc/12 Foottit, R., Maw, H., Von Dohlen, D., and Hebert, P.  \O
T1/ptm/m/n/12 Species
 []

[190]
Underfull \hbox (badness 3601) in paragraph at lines 477--482
[][][]\OT1/ptm/m/sc/12 Hale, M. L., Burg, T. M., and Steeves, T. E.  \OT1/ptm/m
/n/12 Sam-pling for
 []


Underfull \hbox (badness 2818) in paragraph at lines 499--504
[][][]\OT1/ptm/m/sc/12 Hanner, R. H., Naaum, A. M., and Shivji, M. S.  \OT1/ptm
/m/n/12 Con-clu-sion:
 []

[191] [192]
Underfull \hbox (badness 1789) in paragraph at lines 601--606
[][][]\OT1/ptm/m/sc/12 Jin, Q., He, L.-J., and Zhang, A.-B.  \OT1/ptm/m/n/12 A 
sim-ple 2D non-parametric
 []


Underfull \hbox (badness 3601) in paragraph at lines 619--624
[][][]\OT1/ptm/m/sc/12 Kapli, P., Lut-teropp, S., Zhang, J., Kobert, K., Pavlid
is, P.,
 []


Underfull \hbox (badness 1024) in paragraph at lines 619--624
\OT1/ptm/m/sc/12 Sta-matakis, A., and Flouri, T.  \OT1/ptm/m/n/12 Multi-rate Po
is-son tree pro-cesses for
 []

[193]
Underfull \hbox (badness 1902) in paragraph at lines 650--654
\OT1/ptm/m/n/12 marker-specific ef-forts to es-tab-lish more com-pre-hen-sive r
ef-er-ence databases.
 []

[194] [195]
Underfull \hbox (badness 4531) in paragraph at lines 811--817
[][][]\OT1/ptm/m/sc/12 Mutanen, M., Kivel[]a, S. M., Vos, R. A., Dooren-weerd, 
C.,
 []


Underfull \hbox (badness 2932) in paragraph at lines 811--817
\OT1/ptm/m/sc/12 Rat-nas-ing-ham, S., Haus-mann, A., Hue-mer, P., Dinc[]a, V., 
van
 []

[196]
Underfull \hbox (badness 3965) in paragraph at lines 891--895
[][][]\OT1/ptm/m/sc/12 Paradis, E.  \OT1/ptm/m/n/12 pe-gas: an R pack-age for p
op-u-la-tion ge-net-ics with an
 []

[197]
Underfull \hbox (badness 1377) in paragraph at lines 937--942
[][][]\OT1/ptm/m/sc/12 Phillips, J. D., Gwiaz-dowski, R. A., Ashlock, D., and H
an-ner,
 []

[198] [199]
Underfull \hbox (badness 1184) in paragraph at lines 1109--1112
[][][]\OT1/ptm/m/sc/12 Steinke, D., and Han-ner, R.  \OT1/ptm/m/n/12 The FISH-B
OL col-lab-o-ra-tors' pro-to-col.
 []

Missing character: There is no  in font ptmr7t!
Missing character: There is no  in font ptmr7t!
[200] [201]
Underfull \hbox (badness 1152) in paragraph at lines 1285--1288
\OT1/ptm/m/n/12 Es-ti-mat-ing sam-ple sizes for DNA bar-cod-ing.  \OT1/ptm/m/it
/12 Molec-u-lar Phy-lo-ge-net-ics and
 []

[202]) [203]
\openout2 = `PhD_Appendix.aux'.

 (./PhD_Appendix.tex
Appendix A.
[204



]
Appendix B.
[205

]
Appendix C.

Package hyperref Warning: Token not allowed in a PDF string (Unicode):
(hyperref)                removing `math shift' on input line 20.


Package hyperref Warning: Token not allowed in a PDF string (Unicode):
(hyperref)                removing `\theta' on input line 20.


Package hyperref Warning: Token not allowed in a PDF string (Unicode):
(hyperref)                removing `math shift' on input line 20.


Package hyperref Warning: Token not allowed in a PDF string (Unicode):
(hyperref)                removing `\\' on input line 20.

LaTeX Font Info:    External font `lmex10' loaded for size
(Font)              <24.88> on input line 20.
LaTeX Font Info:    External font `lmex10' loaded for size
(Font)              <20.74> on input line 20.
LaTeX Font Info:    External font `lmex10' loaded for size
(Font)              <17.28> on input line 20.
[206

] [207]) [208] (./PhD_00_Thesis.aux (./PhD_01_TitlePage.aux)
(./Contributions.aux) (./PhD_02_Abstract.aux) (./PhD_04_Acknowledgements.aux)
(./PhD_05_TOC.aux) (./PhD_Chapter2.aux) (./PhD_Chapter3.aux)
(./PhD_Chapter4.aux) (./PhD_Chapter5.aux) (./PhD_Chapter6.aux)
(./PhD_Appendix.aux))

LaTeX Warning: There were undefined references.


LaTeX Warning: There were multiply-defined labels.

Package rerunfilecheck Info: File `PhD_00_Thesis.out' has not changed.
(rerunfilecheck)             Checksum: E9378CEECCB16B0C8580EDEA68AD0059;16465.
 ) 
Here is how much of TeX's memory you used:
 31637 strings out of 478994
 605215 string characters out of 5858184
 1105790 words of memory out of 5000000
 47746 multiletter control sequences out of 15000+600000
 486637 words of font info for 153 fonts, out of 8000000 for 9000
 1141 hyphenation exceptions out of 8191
 72i,21n,117p,6772b,565s stack positions out of 5000i,500n,10000p,200000b,80000s
{/usr/local/texlive/2021/texmf-dist/fonts/enc/dvips/base/8r.enc}{/usr/local/t
exlive/2021/texmf-dist/fonts/enc/dvips/lm/lm-rm.enc}{/usr/local/texlive/2021/te
xmf-dist/fonts/enc/dvips/lm/lm-mathsy.enc}{/usr/local/texlive/2021/texmf-dist/f
onts/enc/dvips/lm/lm-rmtt.enc}{/usr/local/texlive/2021/texmf-dist/fonts/enc/dvi
ps/lm/lm-mathit.enc}{/usr/local/texlive/2021/texmf-dist/fonts/enc/dvips/lm/lm-m
athex.enc}</usr/local/texlive/2021/texmf-dist/fonts/type1/public/lm/lmex10.pfb>
</usr/local/texlive/2021/texmf-dist/fonts/type1/public/lm/lmmi12.pfb></usr/loca
l/texlive/2021/texmf-dist/fonts/type1/public/lm/lmmi6.pfb></usr/local/texlive/2
021/texmf-dist/fonts/type1/public/lm/lmmi8.pfb></usr/local/texlive/2021/texmf-d
ist/fonts/type1/public/lm/lmr12.pfb></usr/local/texlive/2021/texmf-dist/fonts/t
ype1/public/lm/lmr6.pfb></usr/local/texlive/2021/texmf-dist/fonts/type1/public/
lm/lmr8.pfb></usr/local/texlive/2021/texmf-dist/fonts/type1/public/lm/lmsy10.pf
b></usr/local/texlive/2021/texmf-dist/fonts/type1/public/lm/lmsy6.pfb></usr/loc
al/texlive/2021/texmf-dist/fonts/type1/public/lm/lmsy8.pfb></usr/local/texlive/
2021/texmf-dist/fonts/type1/public/lm/lmtt8.pfb></usr/local/texlive/2021/texmf-
dist/fonts/type1/urw/courier/ucrr8a.pfb></usr/local/texlive/2021/texmf-dist/fon
ts/type1/urw/times/utmb8a.pfb></usr/local/texlive/2021/texmf-dist/fonts/type1/u
rw/times/utmbi8a.pfb></usr/local/texlive/2021/texmf-dist/fonts/type1/urw/times/
utmr8a.pfb></usr/local/texlive/2021/texmf-dist/fonts/type1/urw/times/utmri8a.pf
b>
Output written on PhD_00_Thesis.pdf (218 pages, 21894607 bytes).
PDF statistics:
 2440 PDF objects out of 2487 (max. 8388607)
 2105 compressed objects within 22 object streams
 585 named destinations out of 1000 (max. 500000)
 759 words of extra memory for PDF output out of 10000 (max. 10000000)

