\BOOKMARK [0][-]{chapter*.2}{List of Tables}{}% 1
\BOOKMARK [0][-]{chapter*.3}{List of Figures}{}% 2
\BOOKMARK [0][-]{chapter.1}{General Introduction}{}% 3
\BOOKMARK [1][-]{subsection.1.0.1}{The Problem}{chapter.1}% 4
\BOOKMARK [2][-]{subsection.1.0.2}{Thesis Overview}{subsection.1.0.1}% 5
\BOOKMARK [2][-]{subsection.1.0.3}{Thesis Statement}{subsection.1.0.1}% 6
\BOOKMARK [2][-]{subsection.1.0.4}{Statement of Contributions}{subsection.1.0.1}% 7
\BOOKMARK [0][-]{chapter.2}{Incomplete estimates of genetic diversity within species: Implications for DNA barcoding}{}% 8
\BOOKMARK [1][-]{section.2.1}{Introduction}{chapter.2}% 9
\BOOKMARK [1][-]{section.2.2}{Current Methods}{chapter.2}% 10
\BOOKMARK [2][-]{subsection.2.2.1}{Methods to Assess Haplotype Variation}{section.2.2}% 11
\BOOKMARK [2][-]{subsection.2.2.2}{Sampling Models for Genetic Diversity Prediction}{section.2.2}% 12
\BOOKMARK [2][-]{subsection.2.2.3}{DNA Barcoding}{section.2.2}% 13
\BOOKMARK [2][-]{subsection.2.2.4}{The Importance of Sampling to DNA Barcoding}{section.2.2}% 14
\BOOKMARK [2][-]{subsection.2.2.5}{Consideration of Species' Life Histories}{section.2.2}% 15
\BOOKMARK [1][-]{section.2.3}{Key Findings}{chapter.2}% 16
\BOOKMARK [2][-]{subsection.2.3.1}{DNA Barcoding and Sample Size: Past Studies}{section.2.3}% 17
\BOOKMARK [1][-]{section.2.4}{Case Study: Phillips et al. \(2015\)}{chapter.2}% 18
\BOOKMARK [2][-]{subsection.2.4.1}{Model Assumptions}{section.2.4}% 19
\BOOKMARK [2][-]{subsection.2.4.2}{Mathematical Details}{section.2.4}% 20
\BOOKMARK [2][-]{subsection.2.4.3}{Application to Ray-finned Fishes}{section.2.4}% 21
\BOOKMARK [1][-]{section.2.5}{Future Prospects}{chapter.2}% 22
\BOOKMARK [0][-]{chapter.3}{HACSim: An R package to estimate intraspecific sample sizes for genetic \040diversity assessment using haplotype accumulation curves}{}% 23
\BOOKMARK [1][-]{section.3.1}{Introduction}{chapter.3}% 24
\BOOKMARK [2][-]{subsection.3.1.1}{Background}{section.3.1}% 25
\BOOKMARK [2][-]{subsection.3.1.2}{Motivation}{section.3.1}% 26
\BOOKMARK [1][-]{section.3.2}{Methods}{chapter.3}% 27
\BOOKMARK [2][-]{subsection.3.2.1}{Haplotype Accumulation Curve Simulation Algorithm}{section.3.2}% 28
\BOOKMARK [1][-]{section.3.3}{Results}{chapter.3}% 29
\BOOKMARK [2][-]{subsection.3.3.1}{Application of HACSim to Hypothetical Species}{section.3.3}% 30
\BOOKMARK [2][-]{subsection.3.3.2}{Application of HACSim to Real Species}{section.3.3}% 31
\BOOKMARK [1][-]{section.3.4}{Discussion}{chapter.3}% 32
\BOOKMARK [2][-]{subsection.3.4.1}{Initializing HACSim and Overall Algorithm Behaviour}{section.3.4}% 33
\BOOKMARK [2][-]{subsection.3.4.2}{Additional Capabilities and Extending Functionality of HACSim}{section.3.4}% 34
\BOOKMARK [2][-]{subsection.3.4.3}{Summary}{section.3.4}% 35
\BOOKMARK [1][-]{section.3.5}{Conclusions}{chapter.3}% 36
\BOOKMARK [0][-]{chapter.4}{Solving the genetic specimen sample size problem for DNA barcoding with a local search optimization algorithm}{}% 37
\BOOKMARK [1][-]{section.4.1}{Introduction}{chapter.4}% 38
\BOOKMARK [2][-]{subsection.4.1.1}{Background}{section.4.1}% 39
\BOOKMARK [2][-]{subsection.4.1.2}{Phillips et al.'s \(2020\) Haplotype Sampling Model}{section.4.1}% 40
\BOOKMARK [2][-]{subsection.4.1.3}{Assessing the Computational and Statistical Performance of \040HACSim}{section.4.1}% 41
\BOOKMARK [2][-]{subsection.4.1.4}{Outline of the Current Study}{section.4.1}% 42
\BOOKMARK [1][-]{section.4.2}{Methods}{chapter.4}% 43
\BOOKMARK [2][-]{subsection.4.2.1}{Hypothetical Species}{section.4.2}% 44
\BOOKMARK [2][-]{subsection.4.2.2}{Real Species}{section.4.2}% 45
\BOOKMARK [2][-]{subsection.4.2.3}{Simulation Study}{section.4.2}% 46
\BOOKMARK [2][-]{subsection.4.2.4}{Statistical Analysis}{section.4.2}% 47
\BOOKMARK [1][-]{section.4.3}{Results and Discussion}{chapter.4}% 48
\BOOKMARK [2][-]{subsection.4.3.1}{Effect of Population Size}{section.4.3}% 49
\BOOKMARK [2][-]{subsection.4.3.2}{Algorithm Runtimes}{section.4.3}% 50
\BOOKMARK [1][-]{section.4.4}{Conclusion}{chapter.4}% 51
\BOOKMARK [0][-]{chapter.5}{Lack of statistical rigor in DNA barcoding likely invalidates the presence of a true species' barcode gap}{}% 52
\BOOKMARK [1][-]{section.5.1}{Introduction}{chapter.5}% 53
\BOOKMARK [2][-]{subsection.5.1.1}{DNA Barcoding: Historical Development}{section.5.1}% 54
\BOOKMARK [2][-]{subsection.5.1.2}{DNA Barcoding and the Barcode Gap: A Perfect Harmony?}{section.5.1}% 55
\BOOKMARK [1][-]{section.5.2}{A Need to Improve and Maintain Statistical Rigor in DNA Barcoding Studies}{chapter.5}% 56
\BOOKMARK [1][-]{section.5.3}{Case Study: DNA Barcoding of Pacific Canada's \040Fishes}{chapter.5}% 57
\BOOKMARK [1][-]{section.5.4}{Evidence for the Lack of Statistical Rigor in DNA \040Barcoding}{chapter.5}% 58
\BOOKMARK [2][-]{subsection.5.4.1}{Improper Allocation of Specimen Sampling Effort}{section.5.4}% 59
\BOOKMARK [2][-]{subsection.5.4.2}{Failing to Properly Visualize Intraspecific and Interspecific \040Genetic Distances}{section.5.4}% 60
\BOOKMARK [2][-]{subsection.5.4.3}{Inconsistent, Inappropriate Use, or Absence of Inferential \040Statistical Procedures in DNA Barcoding}{section.5.4}% 61
\BOOKMARK [1][-]{section.5.5}{Critically Evaluating the Concept of the DNA Barcode Gap in Conservation and Regulatory Contexts}{chapter.5}% 62
\BOOKMARK [1][-]{section.5.6}{New Avenues for Estimating the DNA Barcode Gap}{chapter.5}% 63
\BOOKMARK [1][-]{section.5.7}{Discussion and Concluding Remarks}{chapter.5}% 64
\BOOKMARK [0][-]{chapter.6}{Conclusion and Future Directions}{}% 65
\BOOKMARK [1][-]{subsection.6.0.1}{Thesis Summary}{chapter.6}% 66
\BOOKMARK [0][-]{chapter*.89}{References}{}% 67
\BOOKMARK [0][-]{appendix.A}{Additional Information Accompanying Chapter 3}{}% 68
\BOOKMARK [0][-]{appendix.B}{Additional Information Accompanying Chapter 4}{}% 69
\BOOKMARK [0][-]{appendix.C}{Derivation of Approximate Confidence Interval for Sampling Sufficiency \(\) \040\(Equation 3.3\)}{}% 70
